ARM GAS  C:\Users\rene_\AppData\Local\Temp\cc3tDVni.s 			page 1


   1              		.syntax unified
   2              		.cpu cortex-m3
   3              		.fpu softvfp
   4              		.eabi_attribute 20, 1
   5              		.eabi_attribute 21, 1
   6              		.eabi_attribute 23, 3
   7              		.eabi_attribute 24, 1
   8              		.eabi_attribute 25, 1
   9              		.eabi_attribute 26, 1
  10              		.eabi_attribute 30, 1
  11              		.eabi_attribute 34, 1
  12              		.eabi_attribute 18, 4
  13              		.thumb
  14              		.syntax unified
  15              		.file	"cymetadata.c"
  16              		.text
  17              	.Ltext0:
  18              		.cfi_sections	.debug_frame
  19              		.global	cy_metadata
  20              		.global	cy_meta_flashprotect
  21              		.global	cy_meta_wonvl
  22              		.global	cy_meta_custnvl
  23              		.global	cy_meta_configecc
  24              		.section	.cyconfigecc,"a",%progbits
  25              		.align	2
  26              		.type	cy_meta_configecc, %object
  27              		.size	cy_meta_configecc, 520
  28              	cy_meta_configecc:
  29 0000 01       		.byte	1
  30 0001 52       		.byte	82
  31 0002 00       		.byte	0
  32 0003 40       		.byte	64
  33 0004 01       		.byte	1
  34 0005 65       		.byte	101
  35 0006 00       		.byte	0
  36 0007 40       		.byte	64
  37 0008 2C       		.byte	44
  38 0009 19       		.byte	25
  39 000a 01       		.byte	1
  40 000b 40       		.byte	64
  41 000c 34       		.byte	52
  42 000d 1A       		.byte	26
  43 000e 01       		.byte	1
  44 000f 40       		.byte	64
  45 0010 3A       		.byte	58
  46 0011 1B       		.byte	27
  47 0012 01       		.byte	1
  48 0013 40       		.byte	64
  49 0014 02       		.byte	2
  50 0015 4C       		.byte	76
  51 0016 01       		.byte	1
  52 0017 40       		.byte	64
  53 0018 0B       		.byte	11
  54 0019 4D       		.byte	77
  55 001a 01       		.byte	1
  56 001b 40       		.byte	64
  57 001c 02       		.byte	2
ARM GAS  C:\Users\rene_\AppData\Local\Temp\cc3tDVni.s 			page 2


  58 001d 50       		.byte	80
  59 001e 01       		.byte	1
  60 001f 40       		.byte	64
  61 0020 28       		.byte	40
  62 0021 10       		.byte	16
  63 0022 89       		.byte	-119
  64 0023 0F       		.byte	15
  65 0024 00       		.byte	0
  66 0025 1A       		.byte	26
  67 0026 01       		.byte	1
  68 0027 40       		.byte	64
  69 0028 09       		.byte	9
  70 0029 08       		.byte	8
  71 002a 0A       		.byte	10
  72 002b 48       		.byte	72
  73 002c 0B       		.byte	11
  74 002d 01       		.byte	1
  75 002e 10       		.byte	16
  76 002f A8       		.byte	-88
  77 0030 18       		.byte	24
  78 0031 51       		.byte	81
  79 0032 1A       		.byte	26
  80 0033 01       		.byte	1
  81 0034 1B       		.byte	27
  82 0035 20       		.byte	32
  83 0036 20       		.byte	32
  84 0037 0A       		.byte	10
  85 0038 21       		.byte	33
  86 0039 C4       		.byte	-60
  87 003a 22       		.byte	34
  88 003b 1C       		.byte	28
  89 003c 29       		.byte	41
  90 003d 01       		.byte	1
  91 003e 2A       		.byte	42
  92 003f 40       		.byte	64
  93 0040 30       		.byte	48
  94 0041 80       		.byte	-128
  95 0042 32       		.byte	50
  96 0043 14       		.byte	20
  97 0044 33       		.byte	51
  98 0045 01       		.byte	1
  99 0046 39       		.byte	57
 100 0047 94       		.byte	-108
 101 0048 3B       		.byte	59
 102 0049 01       		.byte	1
 103 004a 40       		.byte	64
 104 004b 01       		.byte	1
 105 004c 42       		.byte	66
 106 004d 40       		.byte	64
 107 004e 43       		.byte	67
 108 004f 08       		.byte	8
 109 0050 48       		.byte	72
 110 0051 41       		.byte	65
 111 0052 4A       		.byte	74
 112 0053 88       		.byte	-120
 113 0054 4B       		.byte	75
 114 0055 04       		.byte	4
ARM GAS  C:\Users\rene_\AppData\Local\Temp\cc3tDVni.s 			page 3


 115 0056 51       		.byte	81
 116 0057 08       		.byte	8
 117 0058 52       		.byte	82
 118 0059 60       		.byte	96
 119 005a 60       		.byte	96
 120 005b 04       		.byte	4
 121 005c 68       		.byte	104
 122 005d A8       		.byte	-88
 123 005e 69       		.byte	105
 124 005f 54       		.byte	84
 125 0060 6B       		.byte	107
 126 0061 01       		.byte	1
 127 0062 73       		.byte	115
 128 0063 01       		.byte	1
 129 0064 8B       		.byte	-117
 130 0065 08       		.byte	8
 131 0066 8C       		.byte	-116
 132 0067 80       		.byte	-128
 133 0068 8F       		.byte	-113
 134 0069 10       		.byte	16
 135 006a C0       		.byte	-64
 136 006b 0F       		.byte	15
 137 006c C2       		.byte	-62
 138 006d 0F       		.byte	15
 139 006e C4       		.byte	-60
 140 006f 0E       		.byte	14
 141 0070 CA       		.byte	-54
 142 0071 09       		.byte	9
 143 0072 CC       		.byte	-52
 144 0073 0F       		.byte	15
 145 0074 CE       		.byte	-50
 146 0075 0F       		.byte	15
 147 0076 D0       		.byte	-48
 148 0077 0B       		.byte	11
 149 0078 D2       		.byte	-46
 150 0079 0C       		.byte	12
 151 007a D8       		.byte	-40
 152 007b 04       		.byte	4
 153 007c 00       		.byte	0
 154 007d 40       		.byte	64
 155 007e 04       		.byte	4
 156 007f 8D       		.byte	-115
 157 0080 08       		.byte	8
 158 0081 8D       		.byte	-115
 159 0082 09       		.byte	9
 160 0083 0E       		.byte	14
 161 0084 0E       		.byte	14
 162 0085 80       		.byte	-128
 163 0086 10       		.byte	16
 164 0087 42       		.byte	66
 165 0088 12       		.byte	18
 166 0089 08       		.byte	8
 167 008a 14       		.byte	20
 168 008b 02       		.byte	2
 169 008c 15       		.byte	21
 170 008d 05       		.byte	5
 171 008e 16       		.byte	22
ARM GAS  C:\Users\rene_\AppData\Local\Temp\cc3tDVni.s 			page 4


 172 008f 0D       		.byte	13
 173 0090 17       		.byte	23
 174 0091 3A       		.byte	58
 175 0092 19       		.byte	25
 176 0093 20       		.byte	32
 177 0094 1C       		.byte	28
 178 0095 11       		.byte	17
 179 0096 1D       		.byte	29
 180 0097 13       		.byte	19
 181 0098 1E       		.byte	30
 182 0099 22       		.byte	34
 183 009a 1F       		.byte	31
 184 009b 04       		.byte	4
 185 009c 20       		.byte	32
 186 009d 8D       		.byte	-115
 187 009e 21       		.byte	33
 188 009f 04       		.byte	4
 189 00a0 23       		.byte	35
 190 00a1 39       		.byte	57
 191 00a2 24       		.byte	36
 192 00a3 8D       		.byte	-115
 193 00a4 28       		.byte	40
 194 00a5 62       		.byte	98
 195 00a6 2A       		.byte	42
 196 00a7 14       		.byte	20
 197 00a8 2C       		.byte	44
 198 00a9 0D       		.byte	13
 199 00aa 2E       		.byte	46
 200 00ab 80       		.byte	-128
 201 00ac 30       		.byte	48
 202 00ad 70       		.byte	112
 203 00ae 32       		.byte	50
 204 00af 0F       		.byte	15
 205 00b0 33       		.byte	51
 206 00b1 0F       		.byte	15
 207 00b2 34       		.byte	52
 208 00b3 80       		.byte	-128
 209 00b4 35       		.byte	53
 210 00b5 30       		.byte	48
 211 00b6 39       		.byte	57
 212 00b7 28       		.byte	40
 213 00b8 3A       		.byte	58
 214 00b9 0A       		.byte	10
 215 00ba 3E       		.byte	62
 216 00bb 10       		.byte	16
 217 00bc 54       		.byte	84
 218 00bd 40       		.byte	64
 219 00be 58       		.byte	88
 220 00bf 04       		.byte	4
 221 00c0 59       		.byte	89
 222 00c1 04       		.byte	4
 223 00c2 5B       		.byte	91
 224 00c3 04       		.byte	4
 225 00c4 5F       		.byte	95
 226 00c5 01       		.byte	1
 227 00c6 80       		.byte	-128
 228 00c7 09       		.byte	9
ARM GAS  C:\Users\rene_\AppData\Local\Temp\cc3tDVni.s 			page 5


 229 00c8 82       		.byte	-126
 230 00c9 06       		.byte	6
 231 00ca 90       		.byte	-112
 232 00cb 02       		.byte	2
 233 00cc 92       		.byte	-110
 234 00cd 0D       		.byte	13
 235 00ce 9C       		.byte	-100
 236 00cf 03       		.byte	3
 237 00d0 9E       		.byte	-98
 238 00d1 0C       		.byte	12
 239 00d2 A4       		.byte	-92
 240 00d3 05       		.byte	5
 241 00d4 A6       		.byte	-90
 242 00d5 0A       		.byte	10
 243 00d6 B0       		.byte	-80
 244 00d7 0F       		.byte	15
 245 00d8 B4       		.byte	-76
 246 00d9 0F       		.byte	15
 247 00da BA       		.byte	-70
 248 00db 22       		.byte	34
 249 00dc D4       		.byte	-44
 250 00dd 09       		.byte	9
 251 00de D8       		.byte	-40
 252 00df 04       		.byte	4
 253 00e0 DB       		.byte	-37
 254 00e1 04       		.byte	4
 255 00e2 DF       		.byte	-33
 256 00e3 01       		.byte	1
 257 00e4 00       		.byte	0
 258 00e5 80       		.byte	-128
 259 00e6 01       		.byte	1
 260 00e7 10       		.byte	16
 261 00e8 02       		.byte	2
 262 00e9 40       		.byte	64
 263 00ea 03       		.byte	3
 264 00eb 10       		.byte	16
 265 00ec 05       		.byte	5
 266 00ed 01       		.byte	1
 267 00ee 09       		.byte	9
 268 00ef 80       		.byte	-128
 269 00f0 0A       		.byte	10
 270 00f1 50       		.byte	80
 271 00f2 0D       		.byte	13
 272 00f3 80       		.byte	-128
 273 00f4 0E       		.byte	14
 274 00f5 80       		.byte	-128
 275 00f6 10       		.byte	16
 276 00f7 20       		.byte	32
 277 00f8 11       		.byte	17
 278 00f9 40       		.byte	64
 279 00fa 12       		.byte	18
 280 00fb 08       		.byte	8
 281 00fc 13       		.byte	19
 282 00fd 01       		.byte	1
 283 00fe 15       		.byte	21
 284 00ff 08       		.byte	8
 285 0100 19       		.byte	25
ARM GAS  C:\Users\rene_\AppData\Local\Temp\cc3tDVni.s 			page 6


 286 0101 01       		.byte	1
 287 0102 1A       		.byte	26
 288 0103 50       		.byte	80
 289 0104 1B       		.byte	27
 290 0105 10       		.byte	16
 291 0106 1C       		.byte	28
 292 0107 04       		.byte	4
 293 0108 1E       		.byte	30
 294 0109 80       		.byte	-128
 295 010a 20       		.byte	32
 296 010b 10       		.byte	16
 297 010c 22       		.byte	34
 298 010d 10       		.byte	16
 299 010e 29       		.byte	41
 300 010f 01       		.byte	1
 301 0110 31       		.byte	49
 302 0111 80       		.byte	-128
 303 0112 32       		.byte	50
 304 0113 18       		.byte	24
 305 0114 38       		.byte	56
 306 0115 10       		.byte	16
 307 0116 5C       		.byte	92
 308 0117 40       		.byte	64
 309 0118 5E       		.byte	94
 310 0119 01       		.byte	1
 311 011a 5F       		.byte	95
 312 011b 14       		.byte	20
 313 011c 62       		.byte	98
 314 011d A0       		.byte	-96
 315 011e 63       		.byte	99
 316 011f 20       		.byte	32
 317 0120 67       		.byte	103
 318 0121 02       		.byte	2
 319 0122 83       		.byte	-125
 320 0123 21       		.byte	33
 321 0124 86       		.byte	-122
 322 0125 40       		.byte	64
 323 0126 87       		.byte	-121
 324 0127 10       		.byte	16
 325 0128 8E       		.byte	-114
 326 0129 10       		.byte	16
 327 012a 90       		.byte	-112
 328 012b 40       		.byte	64
 329 012c 91       		.byte	-111
 330 012d 58       		.byte	88
 331 012e 92       		.byte	-110
 332 012f 01       		.byte	1
 333 0130 93       		.byte	-109
 334 0131 05       		.byte	5
 335 0132 94       		.byte	-108
 336 0133 04       		.byte	4
 337 0134 96       		.byte	-106
 338 0135 40       		.byte	64
 339 0136 9A       		.byte	-102
 340 0137 40       		.byte	64
 341 0138 9B       		.byte	-101
 342 0139 10       		.byte	16
ARM GAS  C:\Users\rene_\AppData\Local\Temp\cc3tDVni.s 			page 7


 343 013a 9D       		.byte	-99
 344 013b 01       		.byte	1
 345 013c A0       		.byte	-96
 346 013d 60       		.byte	96
 347 013e A1       		.byte	-95
 348 013f 80       		.byte	-128
 349 0140 A2       		.byte	-94
 350 0141 A8       		.byte	-88
 351 0142 A3       		.byte	-93
 352 0143 20       		.byte	32
 353 0144 A8       		.byte	-88
 354 0145 10       		.byte	16
 355 0146 C0       		.byte	-64
 356 0147 1F       		.byte	31
 357 0148 C2       		.byte	-62
 358 0149 9D       		.byte	-99
 359 014a C4       		.byte	-60
 360 014b 2F       		.byte	47
 361 014c CA       		.byte	-54
 362 014d 01       		.byte	1
 363 014e CC       		.byte	-52
 364 014f 0E       		.byte	14
 365 0150 CE       		.byte	-50
 366 0151 04       		.byte	4
 367 0152 D6       		.byte	-42
 368 0153 F0       		.byte	-16
 369 0154 D8       		.byte	-40
 370 0155 1E       		.byte	30
 371 0156 EC       		.byte	-20
 372 0157 01       		.byte	1
 373 0158 89       		.byte	-119
 374 0159 01       		.byte	1
 375 015a E2       		.byte	-30
 376 015b 04       		.byte	4
 377 015c 0D       		.byte	13
 378 015d 01       		.byte	1
 379 015e 50       		.byte	80
 380 015f 04       		.byte	4
 381 0160 67       		.byte	103
 382 0161 02       		.byte	2
 383 0162 8F       		.byte	-113
 384 0163 01       		.byte	1
 385 0164 90       		.byte	-112
 386 0165 08       		.byte	8
 387 0166 95       		.byte	-107
 388 0167 02       		.byte	2
 389 0168 A8       		.byte	-88
 390 0169 04       		.byte	4
 391 016a C2       		.byte	-62
 392 016b 04       		.byte	4
 393 016c D4       		.byte	-44
 394 016d 04       		.byte	4
 395 016e D6       		.byte	-42
 396 016f 01       		.byte	1
 397 0170 E0       		.byte	-32
 398 0171 02       		.byte	2
 399 0172 10       		.byte	16
ARM GAS  C:\Users\rene_\AppData\Local\Temp\cc3tDVni.s 			page 8


 400 0173 01       		.byte	1
 401 0174 1C       		.byte	28
 402 0175 01       		.byte	1
 403 0176 00       		.byte	0
 404 0177 00       		.byte	0
 405 0178 07       		.byte	7
 406 0179 9A       		.byte	-102
 407 017a 38       		.byte	56
 408 017b 00       		.byte	0
 409 017c 04       		.byte	4
 410 017d 98       		.byte	-104
 411 017e 00       		.byte	0
 412 017f 02       		.byte	2
 413 0180 01       		.byte	1
 414 0181 02       		.byte	2
 415 0182 00       		.byte	0
 416 0183 98       		.byte	-104
 417 0184 04       		.byte	4
 418 0185 13       		.byte	19
 419 0186 80       		.byte	-128
 420 0187 64       		.byte	100
 421 0188 56       		.byte	86
 422 0189 98       		.byte	-104
 423 018a 09       		.byte	9
 424 018b 02       		.byte	2
 425 018c 60       		.byte	96
 426 018d 21       		.byte	33
 427 018e 00       		.byte	0
 428 018f D8       		.byte	-40
 429 0190 0A       		.byte	10
 430 0191 38       		.byte	56
 431 0192 10       		.byte	16
 432 0193 C0       		.byte	-64
 433 0194 84       		.byte	-124
 434 0195 9A       		.byte	-102
 435 0196 00       		.byte	0
 436 0197 00       		.byte	0
 437 0198 84       		.byte	-124
 438 0199 FC       		.byte	-4
 439 019a 00       		.byte	0
 440 019b 03       		.byte	3
 441 019c 84       		.byte	-124
 442 019d 00       		.byte	0
 443 019e 00       		.byte	0
 444 019f 00       		.byte	0
 445 01a0 80       		.byte	-128
 446 01a1 00       		.byte	0
 447 01a2 04       		.byte	4
 448 01a3 00       		.byte	0
 449 01a4 00       		.byte	0
 450 01a5 02       		.byte	2
 451 01a6 00       		.byte	0
 452 01a7 00       		.byte	0
 453 01a8 08       		.byte	8
 454 01a9 00       		.byte	0
 455 01aa 7F       		.byte	127
 456 01ab 0F       		.byte	15
ARM GAS  C:\Users\rene_\AppData\Local\Temp\cc3tDVni.s 			page 9


 457 01ac 02       		.byte	2
 458 01ad E0       		.byte	-32
 459 01ae 80       		.byte	-128
 460 01af 13       		.byte	19
 461 01b0 08       		.byte	8
 462 01b1 00       		.byte	0
 463 01b2 00       		.byte	0
 464 01b3 28       		.byte	40
 465 01b4 00       		.byte	0
 466 01b5 00       		.byte	0
 467 01b6 51       		.byte	81
 468 01b7 00       		.byte	0
 469 01b8 64       		.byte	100
 470 01b9 05       		.byte	5
 471 01ba 10       		.byte	16
 472 01bb 00       		.byte	0
 473 01bc 03       		.byte	3
 474 01bd DE       		.byte	-34
 475 01be FC       		.byte	-4
 476 01bf 0B       		.byte	11
 477 01c0 1F       		.byte	31
 478 01c1 FF       		.byte	-1
 479 01c2 FF       		.byte	-1
 480 01c3 FF       		.byte	-1
 481 01c4 22       		.byte	34
 482 01c5 00       		.byte	0
 483 01c6 F0       		.byte	-16
 484 01c7 08       		.byte	8
 485 01c8 04       		.byte	4
 486 01c9 00       		.byte	0
 487 01ca 00       		.byte	0
 488 01cb 00       		.byte	0
 489 01cc 00       		.byte	0
 490 01cd 00       		.byte	0
 491 01ce 02       		.byte	2
 492 01cf 24       		.byte	36
 493 01d0 04       		.byte	4
 494 01d1 04       		.byte	4
 495 01d2 04       		.byte	4
 496 01d3 04       		.byte	4
 497 01d4 00       		.byte	0
 498 01d5 00       		.byte	0
 499 01d6 00       		.byte	0
 500 01d7 01       		.byte	1
 501 01d8 00       		.byte	0
 502 01d9 00       		.byte	0
 503 01da C0       		.byte	-64
 504 01db 00       		.byte	0
 505 01dc 40       		.byte	64
 506 01dd 01       		.byte	1
 507 01de 10       		.byte	16
 508 01df 11       		.byte	17
 509 01e0 C0       		.byte	-64
 510 01e1 01       		.byte	1
 511 01e2 00       		.byte	0
 512 01e3 11       		.byte	17
 513 01e4 40       		.byte	64
ARM GAS  C:\Users\rene_\AppData\Local\Temp\cc3tDVni.s 			page 10


 514 01e5 01       		.byte	1
 515 01e6 40       		.byte	64
 516 01e7 01       		.byte	1
 517 01e8 00       		.byte	0
 518 01e9 00       		.byte	0
 519 01ea 00       		.byte	0
 520 01eb 00       		.byte	0
 521 01ec 00       		.byte	0
 522 01ed 00       		.byte	0
 523 01ee 00       		.byte	0
 524 01ef 00       		.byte	0
 525 01f0 00       		.byte	0
 526 01f1 00       		.byte	0
 527 01f2 00       		.byte	0
 528 01f3 00       		.byte	0
 529 01f4 00       		.byte	0
 530 01f5 00       		.byte	0
 531 01f6 00       		.byte	0
 532 01f7 00       		.byte	0
 533 01f8 00       		.byte	0
 534 01f9 0B       		.byte	11
 535 01fa 0B       		.byte	11
 536 01fb 00       		.byte	0
 537 01fc 00       		.byte	0
 538 01fd 00       		.byte	0
 539 01fe 00       		.byte	0
 540 01ff 00       		.byte	0
 541 0200 20       		.byte	32
 542 0201 1E       		.byte	30
 543 0202 1E       		.byte	30
 544 0203 00       		.byte	0
 545 0204 14       		.byte	20
 546 0205 00       		.byte	0
 547 0206 00       		.byte	0
 548 0207 00       		.byte	0
 549              		.section	.cywolatch,"a",%progbits
 550              		.align	2
 551              		.type	cy_meta_wonvl, %object
 552              		.size	cy_meta_wonvl, 4
 553              	cy_meta_wonvl:
 554 0000 BC       		.byte	-68
 555 0001 90       		.byte	-112
 556 0002 AC       		.byte	-84
 557 0003 AF       		.byte	-81
 558              		.section	.cycustnvl,"a",%progbits
 559              		.align	2
 560              		.type	cy_meta_custnvl, %object
 561              		.size	cy_meta_custnvl, 4
 562              	cy_meta_custnvl:
 563 0000 00       		.byte	0
 564 0001 00       		.byte	0
 565 0002 40       		.byte	64
 566 0003 05       		.byte	5
 567              		.section	.cymeta,"a",%progbits
 568              		.align	2
 569              		.type	cy_metadata, %object
 570              		.size	cy_metadata, 12
ARM GAS  C:\Users\rene_\AppData\Local\Temp\cc3tDVni.s 			page 11


 571              	cy_metadata:
 572 0000 00       		.byte	0
 573 0001 01       		.byte	1
 574 0002 2E       		.byte	46
 575 0003 12       		.byte	18
 576 0004 30       		.byte	48
 577 0005 69       		.byte	105
 578 0006 00       		.byte	0
 579 0007 01       		.byte	1
 580 0008 00       		.byte	0
 581 0009 00       		.byte	0
 582 000a 00       		.byte	0
 583 000b 00       		.byte	0
 584              		.section	.cyflashprotect,"a",%progbits
 585              		.align	2
 586              		.type	cy_meta_flashprotect, %object
 587              		.size	cy_meta_flashprotect, 256
 588              	cy_meta_flashprotect:
 589 0000 00000000 		.space	256
 589      00000000 
 589      00000000 
 589      00000000 
 589      00000000 
 590              		.text
 591              	.Letext0:
 592              		.file 1 "c:\\program files (x86)\\cypress\\psoc creator\\4.2\\psoc creator\\import\\gnu\\arm\\5.4.
 593              		.file 2 "c:\\program files (x86)\\cypress\\psoc creator\\4.2\\psoc creator\\import\\gnu\\arm\\5.4.
 594              		.file 3 "Generated_Source\\PSoC5\\cymetadata.c"
 595              		.section	.debug_info,"",%progbits
 596              	.Ldebug_info0:
 597 0000 31010000 		.4byte	0x131
 598 0004 0400     		.2byte	0x4
 599 0006 00000000 		.4byte	.Ldebug_abbrev0
 600 000a 04       		.byte	0x4
 601 000b 01       		.uleb128 0x1
 602 000c 24000000 		.4byte	.LASF17
 603 0010 0C       		.byte	0xc
 604 0011 C0010000 		.4byte	.LASF18
 605 0015 F9000000 		.4byte	.LASF19
 606 0019 00000000 		.4byte	.Ldebug_line0
 607 001d 02       		.uleb128 0x2
 608 001e 01       		.byte	0x1
 609 001f 06       		.byte	0x6
 610 0020 B4010000 		.4byte	.LASF0
 611 0024 03       		.uleb128 0x3
 612 0025 00000000 		.4byte	.LASF9
 613 0029 01       		.byte	0x1
 614 002a 1D       		.byte	0x1d
 615 002b 2F000000 		.4byte	0x2f
 616 002f 02       		.uleb128 0x2
 617 0030 01       		.byte	0x1
 618 0031 08       		.byte	0x8
 619 0032 16000000 		.4byte	.LASF1
 620 0036 02       		.uleb128 0x2
 621 0037 02       		.byte	0x2
 622 0038 05       		.byte	0x5
 623 0039 A1010000 		.4byte	.LASF2
ARM GAS  C:\Users\rene_\AppData\Local\Temp\cc3tDVni.s 			page 12


 624 003d 02       		.uleb128 0x2
 625 003e 02       		.byte	0x2
 626 003f 07       		.byte	0x7
 627 0040 C4000000 		.4byte	.LASF3
 628 0044 02       		.uleb128 0x2
 629 0045 04       		.byte	0x4
 630 0046 05       		.byte	0x5
 631 0047 AB010000 		.4byte	.LASF4
 632 004b 02       		.uleb128 0x2
 633 004c 04       		.byte	0x4
 634 004d 07       		.byte	0x7
 635 004e B2000000 		.4byte	.LASF5
 636 0052 02       		.uleb128 0x2
 637 0053 08       		.byte	0x8
 638 0054 05       		.byte	0x5
 639 0055 93010000 		.4byte	.LASF6
 640 0059 02       		.uleb128 0x2
 641 005a 08       		.byte	0x8
 642 005b 07       		.byte	0x7
 643 005c 48010000 		.4byte	.LASF7
 644 0060 04       		.uleb128 0x4
 645 0061 04       		.byte	0x4
 646 0062 05       		.byte	0x5
 647 0063 696E7400 		.ascii	"int\000"
 648 0067 02       		.uleb128 0x2
 649 0068 04       		.byte	0x4
 650 0069 07       		.byte	0x7
 651 006a 3B010000 		.4byte	.LASF8
 652 006e 03       		.uleb128 0x3
 653 006f 5F010000 		.4byte	.LASF10
 654 0073 02       		.byte	0x2
 655 0074 18       		.byte	0x18
 656 0075 24000000 		.4byte	0x24
 657 0079 05       		.uleb128 0x5
 658 007a 91000000 		.4byte	0x91
 659 007e 8A000000 		.4byte	0x8a
 660 0082 06       		.uleb128 0x6
 661 0083 8A000000 		.4byte	0x8a
 662 0087 0702     		.2byte	0x207
 663 0089 00       		.byte	0
 664 008a 02       		.uleb128 0x2
 665 008b 04       		.byte	0x4
 666 008c 07       		.byte	0x7
 667 008d 8A010000 		.4byte	.LASF11
 668 0091 07       		.uleb128 0x7
 669 0092 6E000000 		.4byte	0x6e
 670 0096 08       		.uleb128 0x8
 671 0097 E7000000 		.4byte	.LASF12
 672 009b 03       		.byte	0x3
 673 009c 1F       		.byte	0x1f
 674 009d A7000000 		.4byte	0xa7
 675 00a1 05       		.uleb128 0x5
 676 00a2 03       		.byte	0x3
 677 00a3 00000000 		.4byte	cy_meta_configecc
 678 00a7 07       		.uleb128 0x7
 679 00a8 79000000 		.4byte	0x79
 680 00ac 05       		.uleb128 0x5
ARM GAS  C:\Users\rene_\AppData\Local\Temp\cc3tDVni.s 			page 13


 681 00ad 91000000 		.4byte	0x91
 682 00b1 BC000000 		.4byte	0xbc
 683 00b5 09       		.uleb128 0x9
 684 00b6 8A000000 		.4byte	0x8a
 685 00ba 03       		.byte	0x3
 686 00bb 00       		.byte	0
 687 00bc 08       		.uleb128 0x8
 688 00bd D7000000 		.4byte	.LASF13
 689 00c1 03       		.byte	0x3
 690 00c2 6D       		.byte	0x6d
 691 00c3 CD000000 		.4byte	0xcd
 692 00c7 05       		.uleb128 0x5
 693 00c8 03       		.byte	0x3
 694 00c9 00000000 		.4byte	cy_meta_custnvl
 695 00cd 07       		.uleb128 0x7
 696 00ce AC000000 		.4byte	0xac
 697 00d2 08       		.uleb128 0x8
 698 00d3 7C010000 		.4byte	.LASF14
 699 00d7 03       		.byte	0x3
 700 00d8 7B       		.byte	0x7b
 701 00d9 E3000000 		.4byte	0xe3
 702 00dd 05       		.uleb128 0x5
 703 00de 03       		.byte	0x3
 704 00df 00000000 		.4byte	cy_meta_wonvl
 705 00e3 07       		.uleb128 0x7
 706 00e4 AC000000 		.4byte	0xac
 707 00e8 05       		.uleb128 0x5
 708 00e9 91000000 		.4byte	0x91
 709 00ed F8000000 		.4byte	0xf8
 710 00f1 09       		.uleb128 0x9
 711 00f2 8A000000 		.4byte	0x8a
 712 00f6 FF       		.byte	0xff
 713 00f7 00       		.byte	0
 714 00f8 08       		.uleb128 0x8
 715 00f9 67010000 		.4byte	.LASF15
 716 00fd 03       		.byte	0x3
 717 00fe 89       		.byte	0x89
 718 00ff 09010000 		.4byte	0x109
 719 0103 05       		.uleb128 0x5
 720 0104 03       		.byte	0x3
 721 0105 00000000 		.4byte	cy_meta_flashprotect
 722 0109 07       		.uleb128 0x7
 723 010a E8000000 		.4byte	0xe8
 724 010e 05       		.uleb128 0x5
 725 010f 91000000 		.4byte	0x91
 726 0113 1E010000 		.4byte	0x11e
 727 0117 09       		.uleb128 0x9
 728 0118 8A000000 		.4byte	0x8a
 729 011c 0B       		.byte	0xb
 730 011d 00       		.byte	0
 731 011e 08       		.uleb128 0x8
 732 011f 0A000000 		.4byte	.LASF16
 733 0123 03       		.byte	0x3
 734 0124 B6       		.byte	0xb6
 735 0125 2F010000 		.4byte	0x12f
 736 0129 05       		.uleb128 0x5
 737 012a 03       		.byte	0x3
ARM GAS  C:\Users\rene_\AppData\Local\Temp\cc3tDVni.s 			page 14


 738 012b 00000000 		.4byte	cy_metadata
 739 012f 07       		.uleb128 0x7
 740 0130 0E010000 		.4byte	0x10e
 741 0134 00       		.byte	0
 742              		.section	.debug_abbrev,"",%progbits
 743              	.Ldebug_abbrev0:
 744 0000 01       		.uleb128 0x1
 745 0001 11       		.uleb128 0x11
 746 0002 01       		.byte	0x1
 747 0003 25       		.uleb128 0x25
 748 0004 0E       		.uleb128 0xe
 749 0005 13       		.uleb128 0x13
 750 0006 0B       		.uleb128 0xb
 751 0007 03       		.uleb128 0x3
 752 0008 0E       		.uleb128 0xe
 753 0009 1B       		.uleb128 0x1b
 754 000a 0E       		.uleb128 0xe
 755 000b 10       		.uleb128 0x10
 756 000c 17       		.uleb128 0x17
 757 000d 00       		.byte	0
 758 000e 00       		.byte	0
 759 000f 02       		.uleb128 0x2
 760 0010 24       		.uleb128 0x24
 761 0011 00       		.byte	0
 762 0012 0B       		.uleb128 0xb
 763 0013 0B       		.uleb128 0xb
 764 0014 3E       		.uleb128 0x3e
 765 0015 0B       		.uleb128 0xb
 766 0016 03       		.uleb128 0x3
 767 0017 0E       		.uleb128 0xe
 768 0018 00       		.byte	0
 769 0019 00       		.byte	0
 770 001a 03       		.uleb128 0x3
 771 001b 16       		.uleb128 0x16
 772 001c 00       		.byte	0
 773 001d 03       		.uleb128 0x3
 774 001e 0E       		.uleb128 0xe
 775 001f 3A       		.uleb128 0x3a
 776 0020 0B       		.uleb128 0xb
 777 0021 3B       		.uleb128 0x3b
 778 0022 0B       		.uleb128 0xb
 779 0023 49       		.uleb128 0x49
 780 0024 13       		.uleb128 0x13
 781 0025 00       		.byte	0
 782 0026 00       		.byte	0
 783 0027 04       		.uleb128 0x4
 784 0028 24       		.uleb128 0x24
 785 0029 00       		.byte	0
 786 002a 0B       		.uleb128 0xb
 787 002b 0B       		.uleb128 0xb
 788 002c 3E       		.uleb128 0x3e
 789 002d 0B       		.uleb128 0xb
 790 002e 03       		.uleb128 0x3
 791 002f 08       		.uleb128 0x8
 792 0030 00       		.byte	0
 793 0031 00       		.byte	0
 794 0032 05       		.uleb128 0x5
ARM GAS  C:\Users\rene_\AppData\Local\Temp\cc3tDVni.s 			page 15


 795 0033 01       		.uleb128 0x1
 796 0034 01       		.byte	0x1
 797 0035 49       		.uleb128 0x49
 798 0036 13       		.uleb128 0x13
 799 0037 01       		.uleb128 0x1
 800 0038 13       		.uleb128 0x13
 801 0039 00       		.byte	0
 802 003a 00       		.byte	0
 803 003b 06       		.uleb128 0x6
 804 003c 21       		.uleb128 0x21
 805 003d 00       		.byte	0
 806 003e 49       		.uleb128 0x49
 807 003f 13       		.uleb128 0x13
 808 0040 2F       		.uleb128 0x2f
 809 0041 05       		.uleb128 0x5
 810 0042 00       		.byte	0
 811 0043 00       		.byte	0
 812 0044 07       		.uleb128 0x7
 813 0045 26       		.uleb128 0x26
 814 0046 00       		.byte	0
 815 0047 49       		.uleb128 0x49
 816 0048 13       		.uleb128 0x13
 817 0049 00       		.byte	0
 818 004a 00       		.byte	0
 819 004b 08       		.uleb128 0x8
 820 004c 34       		.uleb128 0x34
 821 004d 00       		.byte	0
 822 004e 03       		.uleb128 0x3
 823 004f 0E       		.uleb128 0xe
 824 0050 3A       		.uleb128 0x3a
 825 0051 0B       		.uleb128 0xb
 826 0052 3B       		.uleb128 0x3b
 827 0053 0B       		.uleb128 0xb
 828 0054 49       		.uleb128 0x49
 829 0055 13       		.uleb128 0x13
 830 0056 3F       		.uleb128 0x3f
 831 0057 19       		.uleb128 0x19
 832 0058 02       		.uleb128 0x2
 833 0059 18       		.uleb128 0x18
 834 005a 00       		.byte	0
 835 005b 00       		.byte	0
 836 005c 09       		.uleb128 0x9
 837 005d 21       		.uleb128 0x21
 838 005e 00       		.byte	0
 839 005f 49       		.uleb128 0x49
 840 0060 13       		.uleb128 0x13
 841 0061 2F       		.uleb128 0x2f
 842 0062 0B       		.uleb128 0xb
 843 0063 00       		.byte	0
 844 0064 00       		.byte	0
 845 0065 00       		.byte	0
 846              		.section	.debug_aranges,"",%progbits
 847 0000 14000000 		.4byte	0x14
 848 0004 0200     		.2byte	0x2
 849 0006 00000000 		.4byte	.Ldebug_info0
 850 000a 04       		.byte	0x4
 851 000b 00       		.byte	0
ARM GAS  C:\Users\rene_\AppData\Local\Temp\cc3tDVni.s 			page 16


 852 000c 0000     		.2byte	0
 853 000e 0000     		.2byte	0
 854 0010 00000000 		.4byte	0
 855 0014 00000000 		.4byte	0
 856              		.section	.debug_line,"",%progbits
 857              	.Ldebug_line0:
 858 0000 3D010000 		.section	.debug_str,"MS",%progbits,1
 858      02003701 
 858      00000201 
 858      FB0E0D00 
 858      01010101 
 859              	.LASF9:
 860 0000 5F5F7569 		.ascii	"__uint8_t\000"
 860      6E74385F 
 860      7400
 861              	.LASF16:
 862 000a 63795F6D 		.ascii	"cy_metadata\000"
 862      65746164 
 862      61746100 
 863              	.LASF1:
 864 0016 756E7369 		.ascii	"unsigned char\000"
 864      676E6564 
 864      20636861 
 864      7200
 865              	.LASF17:
 866 0024 474E5520 		.ascii	"GNU C11 5.4.1 20160609 (release) [ARM/embedded-5-br"
 866      43313120 
 866      352E342E 
 866      31203230 
 866      31363036 
 867 0057 616E6368 		.ascii	"anch revision 237715] -mcpu=cortex-m3 -mthumb -g -O"
 867      20726576 
 867      6973696F 
 867      6E203233 
 867      37373135 
 868 008a 67202D66 		.ascii	"g -ffunction-sections -ffat-lto-objects\000"
 868      66756E63 
 868      74696F6E 
 868      2D736563 
 868      74696F6E 
 869              	.LASF5:
 870 00b2 6C6F6E67 		.ascii	"long unsigned int\000"
 870      20756E73 
 870      69676E65 
 870      6420696E 
 870      7400
 871              	.LASF3:
 872 00c4 73686F72 		.ascii	"short unsigned int\000"
 872      7420756E 
 872      7369676E 
 872      65642069 
 872      6E7400
 873              	.LASF13:
 874 00d7 63795F6D 		.ascii	"cy_meta_custnvl\000"
 874      6574615F 
 874      63757374 
 874      6E766C00 
ARM GAS  C:\Users\rene_\AppData\Local\Temp\cc3tDVni.s 			page 17


 875              	.LASF12:
 876 00e7 63795F6D 		.ascii	"cy_meta_configecc\000"
 876      6574615F 
 876      636F6E66 
 876      69676563 
 876      6300
 877              	.LASF19:
 878 00f9 433A5C70 		.ascii	"C:\\projekte\\repo\\HomeServer\\Firmware\\Cypress\\"
 878      726F6A65 
 878      6B74655C 
 878      7265706F 
 878      5C486F6D 
 879 0126 486F6D65 		.ascii	"HomeServer\\EVE.cydsn\000"
 879      53657276 
 879      65725C45 
 879      56452E63 
 879      7964736E 
 880              	.LASF8:
 881 013b 756E7369 		.ascii	"unsigned int\000"
 881      676E6564 
 881      20696E74 
 881      00
 882              	.LASF7:
 883 0148 6C6F6E67 		.ascii	"long long unsigned int\000"
 883      206C6F6E 
 883      6720756E 
 883      7369676E 
 883      65642069 
 884              	.LASF10:
 885 015f 75696E74 		.ascii	"uint8_t\000"
 885      385F7400 
 886              	.LASF15:
 887 0167 63795F6D 		.ascii	"cy_meta_flashprotect\000"
 887      6574615F 
 887      666C6173 
 887      6870726F 
 887      74656374 
 888              	.LASF14:
 889 017c 63795F6D 		.ascii	"cy_meta_wonvl\000"
 889      6574615F 
 889      776F6E76 
 889      6C00
 890              	.LASF11:
 891 018a 73697A65 		.ascii	"sizetype\000"
 891      74797065 
 891      00
 892              	.LASF6:
 893 0193 6C6F6E67 		.ascii	"long long int\000"
 893      206C6F6E 
 893      6720696E 
 893      7400
 894              	.LASF2:
 895 01a1 73686F72 		.ascii	"short int\000"
 895      7420696E 
 895      7400
 896              	.LASF4:
 897 01ab 6C6F6E67 		.ascii	"long int\000"
ARM GAS  C:\Users\rene_\AppData\Local\Temp\cc3tDVni.s 			page 18


 897      20696E74 
 897      00
 898              	.LASF0:
 899 01b4 7369676E 		.ascii	"signed char\000"
 899      65642063 
 899      68617200 
 900              	.LASF18:
 901 01c0 47656E65 		.ascii	"Generated_Source\\PSoC5\\cymetadata.c\000"
 901      72617465 
 901      645F536F 
 901      75726365 
 901      5C50536F 
 902              		.ident	"GCC: (GNU Tools for ARM Embedded Processors) 5.4.1 20160609 (release) [ARM/embedded-5-bran
