ARM GAS  C:\Users\rene_\AppData\Local\Temp\ccaoEcoi.s 			page 1


   1              		.syntax unified
   2              		.cpu cortex-m3
   3              		.fpu softvfp
   4              		.eabi_attribute 20, 1
   5              		.eabi_attribute 21, 1
   6              		.eabi_attribute 23, 3
   7              		.eabi_attribute 24, 1
   8              		.eabi_attribute 25, 1
   9              		.eabi_attribute 26, 1
  10              		.eabi_attribute 30, 1
  11              		.eabi_attribute 34, 1
  12              		.eabi_attribute 18, 4
  13              		.thumb
  14              		.syntax unified
  15              		.file	"main.c"
  16              		.text
  17              	.Ltext0:
  18              		.cfi_sections	.debug_frame
  19              		.section	.text.main,"ax",%progbits
  20              		.align	2
  21              		.global	main
  22              		.thumb
  23              		.thumb_func
  24              		.type	main, %function
  25              	main:
  26              	.LFB64:
  27              		.file 1 "main.c"
   1:main.c        **** /* ========================================
   2:main.c        ****  *
   3:main.c        ****  * Copyright YOUR COMPANY, THE YEAR
   4:main.c        ****  * All Rights Reserved
   5:main.c        ****  * UNPUBLISHED, LICENSED SOFTWARE.
   6:main.c        ****  *
   7:main.c        ****  * CONFIDENTIAL AND PROPRIETARY INFORMATION
   8:main.c        ****  * WHICH IS THE PROPERTY OF your company.
   9:main.c        ****  *
  10:main.c        ****  * ========================================
  11:main.c        **** */
  12:main.c        **** #include "project.h"
  13:main.c        **** #include "timing.h"
  14:main.c        **** #include "EVE.h"
  15:main.c        **** 
  16:main.c        **** int main(void)
  17:main.c        **** {
  28              		.loc 1 17 0
  29              		.cfi_startproc
  30              		@ Volatile: function does not return.
  31              		@ args = 0, pretend = 0, frame = 0
  32              		@ frame_needed = 0, uses_anonymous_args = 0
  33 0000 08B5     		push	{r3, lr}
  34              		.cfi_def_cfa_offset 8
  35              		.cfi_offset 3, -8
  36              		.cfi_offset 14, -4
  18:main.c        ****     CyGlobalIntEnable; /* Enable global interrupts. */
  37              		.loc 1 18 0
  38              		.syntax unified
  39              	@ 18 "main.c" 1
ARM GAS  C:\Users\rene_\AppData\Local\Temp\ccaoEcoi.s 			page 2


  40 0002 62B6     		CPSIE   i
  41              	@ 0 "" 2
  19:main.c        **** 
  20:main.c        ****     /* Place your initialization/startup code here (e.g. MyInst_Start()) */
  21:main.c        ****     init_Delay();
  42              		.loc 1 21 0
  43              		.thumb
  44              		.syntax unified
  45 0004 FFF7FEFF 		bl	init_Delay
  46              	.LVL0:
  22:main.c        ****     EVE_BootUp();
  47              		.loc 1 22 0
  48 0008 FFF7FEFF 		bl	EVE_BootUp
  49              	.LVL1:
  23:main.c        **** 	video_timing();
  50              		.loc 1 23 0
  51 000c FFF7FEFF 		bl	video_timing
  52              	.LVL2:
  24:main.c        ****   
  25:main.c        ****     play_sound(0x56,47,60);
  53              		.loc 1 25 0
  54 0010 3C22     		movs	r2, #60
  55 0012 2F21     		movs	r1, #47
  56 0014 5620     		movs	r0, #86
  57 0016 FFF7FEFF 		bl	play_sound
  58              	.LVL3:
  26:main.c        ****     Touch();
  59              		.loc 1 26 0
  60 001a FFF7FEFF 		bl	Touch
  61              	.LVL4:
  62              	.L2:
  63 001e FEE7     		b	.L2
  64              		.cfi_endproc
  65              	.LFE64:
  66              		.size	main, .-main
  67              		.text
  68              	.Letext0:
  69              		.file 2 "c:\\program files (x86)\\cypress\\psoc creator\\4.2\\psoc creator\\import\\gnu\\arm\\5.4.
  70              		.file 3 "c:\\program files (x86)\\cypress\\psoc creator\\4.2\\psoc creator\\import\\gnu\\arm\\5.4.
  71              		.file 4 "timing.h"
  72              		.file 5 "EVE.h"
  73              		.file 6 "Generated_Source\\PSoC5/core_cm3.h"
  74              		.section	.debug_info,"",%progbits
  75              	.Ldebug_info0:
  76 0000 4E010000 		.4byte	0x14e
  77 0004 0400     		.2byte	0x4
  78 0006 00000000 		.4byte	.Ldebug_abbrev0
  79 000a 04       		.byte	0x4
  80 000b 01       		.uleb128 0x1
  81 000c 77000000 		.4byte	.LASF22
  82 0010 0C       		.byte	0xc
  83 0011 2E000000 		.4byte	.LASF23
  84 0015 35000000 		.4byte	.LASF24
  85 0019 00000000 		.4byte	.Ldebug_ranges0+0
  86 001d 00000000 		.4byte	0
  87 0021 00000000 		.4byte	.Ldebug_line0
  88 0025 02       		.uleb128 0x2
ARM GAS  C:\Users\rene_\AppData\Local\Temp\ccaoEcoi.s 			page 3


  89 0026 01       		.byte	0x1
  90 0027 06       		.byte	0x6
  91 0028 80010000 		.4byte	.LASF0
  92 002c 02       		.uleb128 0x2
  93 002d 01       		.byte	0x1
  94 002e 08       		.byte	0x8
  95 002f 39010000 		.4byte	.LASF1
  96 0033 02       		.uleb128 0x2
  97 0034 02       		.byte	0x2
  98 0035 05       		.byte	0x5
  99 0036 AD010000 		.4byte	.LASF2
 100 003a 02       		.uleb128 0x2
 101 003b 02       		.byte	0x2
 102 003c 07       		.byte	0x7
 103 003d 0E000000 		.4byte	.LASF3
 104 0041 03       		.uleb128 0x3
 105 0042 98010000 		.4byte	.LASF9
 106 0046 02       		.byte	0x2
 107 0047 3F       		.byte	0x3f
 108 0048 4C000000 		.4byte	0x4c
 109 004c 02       		.uleb128 0x2
 110 004d 04       		.byte	0x4
 111 004e 05       		.byte	0x5
 112 004f 4C010000 		.4byte	.LASF4
 113 0053 02       		.uleb128 0x2
 114 0054 04       		.byte	0x4
 115 0055 07       		.byte	0x7
 116 0056 05010000 		.4byte	.LASF5
 117 005a 02       		.uleb128 0x2
 118 005b 08       		.byte	0x8
 119 005c 05       		.byte	0x5
 120 005d 00000000 		.4byte	.LASF6
 121 0061 02       		.uleb128 0x2
 122 0062 08       		.byte	0x8
 123 0063 07       		.byte	0x7
 124 0064 22010000 		.4byte	.LASF7
 125 0068 04       		.uleb128 0x4
 126 0069 04       		.byte	0x4
 127 006a 05       		.byte	0x5
 128 006b 696E7400 		.ascii	"int\000"
 129 006f 02       		.uleb128 0x2
 130 0070 04       		.byte	0x4
 131 0071 07       		.byte	0x7
 132 0072 21000000 		.4byte	.LASF8
 133 0076 03       		.uleb128 0x3
 134 0077 C2010000 		.4byte	.LASF10
 135 007b 03       		.byte	0x3
 136 007c 2C       		.byte	0x2c
 137 007d 41000000 		.4byte	0x41
 138 0081 02       		.uleb128 0x2
 139 0082 04       		.byte	0x4
 140 0083 04       		.byte	0x4
 141 0084 A7010000 		.4byte	.LASF11
 142 0088 02       		.uleb128 0x2
 143 0089 08       		.byte	0x8
 144 008a 04       		.byte	0x4
 145 008b 5B010000 		.4byte	.LASF12
ARM GAS  C:\Users\rene_\AppData\Local\Temp\ccaoEcoi.s 			page 4


 146 008f 02       		.uleb128 0x2
 147 0090 01       		.byte	0x1
 148 0091 08       		.byte	0x8
 149 0092 47010000 		.4byte	.LASF13
 150 0096 02       		.uleb128 0x2
 151 0097 08       		.byte	0x8
 152 0098 04       		.byte	0x4
 153 0099 8C010000 		.4byte	.LASF14
 154 009d 02       		.uleb128 0x2
 155 009e 04       		.byte	0x4
 156 009f 07       		.byte	0x7
 157 00a0 D7010000 		.4byte	.LASF15
 158 00a4 02       		.uleb128 0x2
 159 00a5 01       		.byte	0x1
 160 00a6 02       		.byte	0x2
 161 00a7 62010000 		.4byte	.LASF16
 162 00ab 05       		.uleb128 0x5
 163 00ac A2010000 		.4byte	.LASF25
 164 00b0 01       		.byte	0x1
 165 00b1 10       		.byte	0x10
 166 00b2 68000000 		.4byte	0x68
 167 00b6 00000000 		.4byte	.LFB64
 168 00ba 20000000 		.4byte	.LFE64-.LFB64
 169 00be 01       		.uleb128 0x1
 170 00bf 9C       		.byte	0x9c
 171 00c0 09010000 		.4byte	0x109
 172 00c4 06       		.uleb128 0x6
 173 00c5 08000000 		.4byte	.LVL0
 174 00c9 1A010000 		.4byte	0x11a
 175 00cd 06       		.uleb128 0x6
 176 00ce 0C000000 		.4byte	.LVL1
 177 00d2 25010000 		.4byte	0x125
 178 00d6 06       		.uleb128 0x6
 179 00d7 10000000 		.4byte	.LVL2
 180 00db 30010000 		.4byte	0x130
 181 00df 07       		.uleb128 0x7
 182 00e0 1A000000 		.4byte	.LVL3
 183 00e4 3B010000 		.4byte	0x13b
 184 00e8 FF000000 		.4byte	0xff
 185 00ec 08       		.uleb128 0x8
 186 00ed 01       		.uleb128 0x1
 187 00ee 50       		.byte	0x50
 188 00ef 02       		.uleb128 0x2
 189 00f0 08       		.byte	0x8
 190 00f1 56       		.byte	0x56
 191 00f2 08       		.uleb128 0x8
 192 00f3 01       		.uleb128 0x1
 193 00f4 51       		.byte	0x51
 194 00f5 02       		.uleb128 0x2
 195 00f6 08       		.byte	0x8
 196 00f7 2F       		.byte	0x2f
 197 00f8 08       		.uleb128 0x8
 198 00f9 01       		.uleb128 0x1
 199 00fa 52       		.byte	0x52
 200 00fb 02       		.uleb128 0x2
 201 00fc 08       		.byte	0x8
 202 00fd 3C       		.byte	0x3c
ARM GAS  C:\Users\rene_\AppData\Local\Temp\ccaoEcoi.s 			page 5


 203 00fe 00       		.byte	0
 204 00ff 06       		.uleb128 0x6
 205 0100 1E000000 		.4byte	.LVL4
 206 0104 46010000 		.4byte	0x146
 207 0108 00       		.byte	0
 208 0109 09       		.uleb128 0x9
 209 010a 73010000 		.4byte	.LASF26
 210 010e 06       		.byte	0x6
 211 010f 1207     		.2byte	0x712
 212 0111 15010000 		.4byte	0x115
 213 0115 0A       		.uleb128 0xa
 214 0116 76000000 		.4byte	0x76
 215 011a 0B       		.uleb128 0xb
 216 011b 17010000 		.4byte	.LASF17
 217 011f 17010000 		.4byte	.LASF17
 218 0123 04       		.byte	0x4
 219 0124 2F       		.byte	0x2f
 220 0125 0B       		.uleb128 0xb
 221 0126 68010000 		.4byte	.LASF18
 222 012a 68010000 		.4byte	.LASF18
 223 012e 05       		.byte	0x5
 224 012f 61       		.byte	0x61
 225 0130 0B       		.uleb128 0xb
 226 0131 CA010000 		.4byte	.LASF19
 227 0135 CA010000 		.4byte	.LASF19
 228 0139 05       		.byte	0x5
 229 013a 6E       		.byte	0x6e
 230 013b 0B       		.uleb128 0xb
 231 013c B7010000 		.4byte	.LASF20
 232 0140 B7010000 		.4byte	.LASF20
 233 0144 05       		.byte	0x5
 234 0145 67       		.byte	0x67
 235 0146 0B       		.uleb128 0xb
 236 0147 55010000 		.4byte	.LASF21
 237 014b 55010000 		.4byte	.LASF21
 238 014f 05       		.byte	0x5
 239 0150 71       		.byte	0x71
 240 0151 00       		.byte	0
 241              		.section	.debug_abbrev,"",%progbits
 242              	.Ldebug_abbrev0:
 243 0000 01       		.uleb128 0x1
 244 0001 11       		.uleb128 0x11
 245 0002 01       		.byte	0x1
 246 0003 25       		.uleb128 0x25
 247 0004 0E       		.uleb128 0xe
 248 0005 13       		.uleb128 0x13
 249 0006 0B       		.uleb128 0xb
 250 0007 03       		.uleb128 0x3
 251 0008 0E       		.uleb128 0xe
 252 0009 1B       		.uleb128 0x1b
 253 000a 0E       		.uleb128 0xe
 254 000b 55       		.uleb128 0x55
 255 000c 17       		.uleb128 0x17
 256 000d 11       		.uleb128 0x11
 257 000e 01       		.uleb128 0x1
 258 000f 10       		.uleb128 0x10
 259 0010 17       		.uleb128 0x17
ARM GAS  C:\Users\rene_\AppData\Local\Temp\ccaoEcoi.s 			page 6


 260 0011 00       		.byte	0
 261 0012 00       		.byte	0
 262 0013 02       		.uleb128 0x2
 263 0014 24       		.uleb128 0x24
 264 0015 00       		.byte	0
 265 0016 0B       		.uleb128 0xb
 266 0017 0B       		.uleb128 0xb
 267 0018 3E       		.uleb128 0x3e
 268 0019 0B       		.uleb128 0xb
 269 001a 03       		.uleb128 0x3
 270 001b 0E       		.uleb128 0xe
 271 001c 00       		.byte	0
 272 001d 00       		.byte	0
 273 001e 03       		.uleb128 0x3
 274 001f 16       		.uleb128 0x16
 275 0020 00       		.byte	0
 276 0021 03       		.uleb128 0x3
 277 0022 0E       		.uleb128 0xe
 278 0023 3A       		.uleb128 0x3a
 279 0024 0B       		.uleb128 0xb
 280 0025 3B       		.uleb128 0x3b
 281 0026 0B       		.uleb128 0xb
 282 0027 49       		.uleb128 0x49
 283 0028 13       		.uleb128 0x13
 284 0029 00       		.byte	0
 285 002a 00       		.byte	0
 286 002b 04       		.uleb128 0x4
 287 002c 24       		.uleb128 0x24
 288 002d 00       		.byte	0
 289 002e 0B       		.uleb128 0xb
 290 002f 0B       		.uleb128 0xb
 291 0030 3E       		.uleb128 0x3e
 292 0031 0B       		.uleb128 0xb
 293 0032 03       		.uleb128 0x3
 294 0033 08       		.uleb128 0x8
 295 0034 00       		.byte	0
 296 0035 00       		.byte	0
 297 0036 05       		.uleb128 0x5
 298 0037 2E       		.uleb128 0x2e
 299 0038 01       		.byte	0x1
 300 0039 3F       		.uleb128 0x3f
 301 003a 19       		.uleb128 0x19
 302 003b 03       		.uleb128 0x3
 303 003c 0E       		.uleb128 0xe
 304 003d 3A       		.uleb128 0x3a
 305 003e 0B       		.uleb128 0xb
 306 003f 3B       		.uleb128 0x3b
 307 0040 0B       		.uleb128 0xb
 308 0041 27       		.uleb128 0x27
 309 0042 19       		.uleb128 0x19
 310 0043 49       		.uleb128 0x49
 311 0044 13       		.uleb128 0x13
 312 0045 8701     		.uleb128 0x87
 313 0047 19       		.uleb128 0x19
 314 0048 11       		.uleb128 0x11
 315 0049 01       		.uleb128 0x1
 316 004a 12       		.uleb128 0x12
ARM GAS  C:\Users\rene_\AppData\Local\Temp\ccaoEcoi.s 			page 7


 317 004b 06       		.uleb128 0x6
 318 004c 40       		.uleb128 0x40
 319 004d 18       		.uleb128 0x18
 320 004e 9742     		.uleb128 0x2117
 321 0050 19       		.uleb128 0x19
 322 0051 01       		.uleb128 0x1
 323 0052 13       		.uleb128 0x13
 324 0053 00       		.byte	0
 325 0054 00       		.byte	0
 326 0055 06       		.uleb128 0x6
 327 0056 898201   		.uleb128 0x4109
 328 0059 00       		.byte	0
 329 005a 11       		.uleb128 0x11
 330 005b 01       		.uleb128 0x1
 331 005c 31       		.uleb128 0x31
 332 005d 13       		.uleb128 0x13
 333 005e 00       		.byte	0
 334 005f 00       		.byte	0
 335 0060 07       		.uleb128 0x7
 336 0061 898201   		.uleb128 0x4109
 337 0064 01       		.byte	0x1
 338 0065 11       		.uleb128 0x11
 339 0066 01       		.uleb128 0x1
 340 0067 31       		.uleb128 0x31
 341 0068 13       		.uleb128 0x13
 342 0069 01       		.uleb128 0x1
 343 006a 13       		.uleb128 0x13
 344 006b 00       		.byte	0
 345 006c 00       		.byte	0
 346 006d 08       		.uleb128 0x8
 347 006e 8A8201   		.uleb128 0x410a
 348 0071 00       		.byte	0
 349 0072 02       		.uleb128 0x2
 350 0073 18       		.uleb128 0x18
 351 0074 9142     		.uleb128 0x2111
 352 0076 18       		.uleb128 0x18
 353 0077 00       		.byte	0
 354 0078 00       		.byte	0
 355 0079 09       		.uleb128 0x9
 356 007a 34       		.uleb128 0x34
 357 007b 00       		.byte	0
 358 007c 03       		.uleb128 0x3
 359 007d 0E       		.uleb128 0xe
 360 007e 3A       		.uleb128 0x3a
 361 007f 0B       		.uleb128 0xb
 362 0080 3B       		.uleb128 0x3b
 363 0081 05       		.uleb128 0x5
 364 0082 49       		.uleb128 0x49
 365 0083 13       		.uleb128 0x13
 366 0084 3F       		.uleb128 0x3f
 367 0085 19       		.uleb128 0x19
 368 0086 3C       		.uleb128 0x3c
 369 0087 19       		.uleb128 0x19
 370 0088 00       		.byte	0
 371 0089 00       		.byte	0
 372 008a 0A       		.uleb128 0xa
 373 008b 35       		.uleb128 0x35
ARM GAS  C:\Users\rene_\AppData\Local\Temp\ccaoEcoi.s 			page 8


 374 008c 00       		.byte	0
 375 008d 49       		.uleb128 0x49
 376 008e 13       		.uleb128 0x13
 377 008f 00       		.byte	0
 378 0090 00       		.byte	0
 379 0091 0B       		.uleb128 0xb
 380 0092 2E       		.uleb128 0x2e
 381 0093 00       		.byte	0
 382 0094 3F       		.uleb128 0x3f
 383 0095 19       		.uleb128 0x19
 384 0096 3C       		.uleb128 0x3c
 385 0097 19       		.uleb128 0x19
 386 0098 6E       		.uleb128 0x6e
 387 0099 0E       		.uleb128 0xe
 388 009a 03       		.uleb128 0x3
 389 009b 0E       		.uleb128 0xe
 390 009c 3A       		.uleb128 0x3a
 391 009d 0B       		.uleb128 0xb
 392 009e 3B       		.uleb128 0x3b
 393 009f 0B       		.uleb128 0xb
 394 00a0 00       		.byte	0
 395 00a1 00       		.byte	0
 396 00a2 00       		.byte	0
 397              		.section	.debug_aranges,"",%progbits
 398 0000 1C000000 		.4byte	0x1c
 399 0004 0200     		.2byte	0x2
 400 0006 00000000 		.4byte	.Ldebug_info0
 401 000a 04       		.byte	0x4
 402 000b 00       		.byte	0
 403 000c 0000     		.2byte	0
 404 000e 0000     		.2byte	0
 405 0010 00000000 		.4byte	.LFB64
 406 0014 20000000 		.4byte	.LFE64-.LFB64
 407 0018 00000000 		.4byte	0
 408 001c 00000000 		.4byte	0
 409              		.section	.debug_ranges,"",%progbits
 410              	.Ldebug_ranges0:
 411 0000 00000000 		.4byte	.LFB64
 412 0004 20000000 		.4byte	.LFE64
 413 0008 00000000 		.4byte	0
 414 000c 00000000 		.4byte	0
 415              		.section	.debug_line,"",%progbits
 416              	.Ldebug_line0:
 417 0000 6F010000 		.section	.debug_str,"MS",%progbits,1
 417      02005401 
 417      00000201 
 417      FB0E0D00 
 417      01010101 
 418              	.LASF6:
 419 0000 6C6F6E67 		.ascii	"long long int\000"
 419      206C6F6E 
 419      6720696E 
 419      7400
 420              	.LASF3:
 421 000e 73686F72 		.ascii	"short unsigned int\000"
 421      7420756E 
 421      7369676E 
ARM GAS  C:\Users\rene_\AppData\Local\Temp\ccaoEcoi.s 			page 9


 421      65642069 
 421      6E7400
 422              	.LASF8:
 423 0021 756E7369 		.ascii	"unsigned int\000"
 423      676E6564 
 423      20696E74 
 423      00
 424              	.LASF23:
 425 002e 6D61696E 		.ascii	"main.c\000"
 425      2E6300
 426              	.LASF24:
 427 0035 433A5C70 		.ascii	"C:\\projekte\\repo\\HomeServer\\Firmware\\Cypress\\"
 427      726F6A65 
 427      6B74655C 
 427      7265706F 
 427      5C486F6D 
 428 0062 486F6D65 		.ascii	"HomeServer\\EVE.cydsn\000"
 428      53657276 
 428      65725C45 
 428      56452E63 
 428      7964736E 
 429              	.LASF22:
 430 0077 474E5520 		.ascii	"GNU C11 5.4.1 20160609 (release) [ARM/embedded-5-br"
 430      43313120 
 430      352E342E 
 430      31203230 
 430      31363036 
 431 00aa 616E6368 		.ascii	"anch revision 237715] -mcpu=cortex-m3 -mthumb -g -O"
 431      20726576 
 431      6973696F 
 431      6E203233 
 431      37373135 
 432 00dd 67202D66 		.ascii	"g -ffunction-sections -ffat-lto-objects\000"
 432      66756E63 
 432      74696F6E 
 432      2D736563 
 432      74696F6E 
 433              	.LASF5:
 434 0105 6C6F6E67 		.ascii	"long unsigned int\000"
 434      20756E73 
 434      69676E65 
 434      6420696E 
 434      7400
 435              	.LASF17:
 436 0117 696E6974 		.ascii	"init_Delay\000"
 436      5F44656C 
 436      617900
 437              	.LASF7:
 438 0122 6C6F6E67 		.ascii	"long long unsigned int\000"
 438      206C6F6E 
 438      6720756E 
 438      7369676E 
 438      65642069 
 439              	.LASF1:
 440 0139 756E7369 		.ascii	"unsigned char\000"
 440      676E6564 
 440      20636861 
ARM GAS  C:\Users\rene_\AppData\Local\Temp\ccaoEcoi.s 			page 10


 440      7200
 441              	.LASF13:
 442 0147 63686172 		.ascii	"char\000"
 442      00
 443              	.LASF4:
 444 014c 6C6F6E67 		.ascii	"long int\000"
 444      20696E74 
 444      00
 445              	.LASF21:
 446 0155 546F7563 		.ascii	"Touch\000"
 446      6800
 447              	.LASF12:
 448 015b 646F7562 		.ascii	"double\000"
 448      6C6500
 449              	.LASF16:
 450 0162 5F426F6F 		.ascii	"_Bool\000"
 450      6C00
 451              	.LASF18:
 452 0168 4556455F 		.ascii	"EVE_BootUp\000"
 452      426F6F74 
 452      557000
 453              	.LASF26:
 454 0173 49544D5F 		.ascii	"ITM_RxBuffer\000"
 454      52784275 
 454      66666572 
 454      00
 455              	.LASF0:
 456 0180 7369676E 		.ascii	"signed char\000"
 456      65642063 
 456      68617200 
 457              	.LASF14:
 458 018c 6C6F6E67 		.ascii	"long double\000"
 458      20646F75 
 458      626C6500 
 459              	.LASF9:
 460 0198 5F5F696E 		.ascii	"__int32_t\000"
 460      7433325F 
 460      7400
 461              	.LASF25:
 462 01a2 6D61696E 		.ascii	"main\000"
 462      00
 463              	.LASF11:
 464 01a7 666C6F61 		.ascii	"float\000"
 464      7400
 465              	.LASF2:
 466 01ad 73686F72 		.ascii	"short int\000"
 466      7420696E 
 466      7400
 467              	.LASF20:
 468 01b7 706C6179 		.ascii	"play_sound\000"
 468      5F736F75 
 468      6E6400
 469              	.LASF10:
 470 01c2 696E7433 		.ascii	"int32_t\000"
 470      325F7400 
 471              	.LASF19:
 472 01ca 76696465 		.ascii	"video_timing\000"
ARM GAS  C:\Users\rene_\AppData\Local\Temp\ccaoEcoi.s 			page 11


 472      6F5F7469 
 472      6D696E67 
 472      00
 473              	.LASF15:
 474 01d7 73697A65 		.ascii	"sizetype\000"
 474      74797065 
 474      00
 475              		.ident	"GCC: (GNU Tools for ARM Embedded Processors) 5.4.1 20160609 (release) [ARM/embedded-5-bran
