ARM GAS  C:\Users\rene_\AppData\Local\Temp\ccLeOj5E.s 			page 1


   1              		.syntax unified
   2              		.cpu cortex-m3
   3              		.fpu softvfp
   4              		.eabi_attribute 20, 1
   5              		.eabi_attribute 21, 1
   6              		.eabi_attribute 23, 3
   7              		.eabi_attribute 24, 1
   8              		.eabi_attribute 25, 1
   9              		.eabi_attribute 26, 1
  10              		.eabi_attribute 30, 1
  11              		.eabi_attribute 34, 1
  12              		.eabi_attribute 18, 4
  13              		.thumb
  14              		.syntax unified
  15              		.file	"timing.c"
  16              		.text
  17              	.Ltext0:
  18              		.cfi_sections	.debug_frame
  19              		.section	.text.SysTickISRCallback,"ax",%progbits
  20              		.align	2
  21              		.global	SysTickISRCallback
  22              		.thumb
  23              		.thumb_func
  24              		.type	SysTickISRCallback, %function
  25              	SysTickISRCallback:
  26              	.LFB64:
  27              		.file 1 "timing.c"
   1:timing.c      **** /* ========================================
   2:timing.c      ****  *
   3:timing.c      ****  * Copyright YOUR COMPANY, THE YEAR
   4:timing.c      ****  * All Rights Reserved
   5:timing.c      ****  * UNPUBLISHED, LICENSED SOFTWARE.
   6:timing.c      ****  *
   7:timing.c      ****  * CONFIDENTIAL AND PROPRIETARY INFORMATION
   8:timing.c      ****  * WHICH IS THE PROPERTY OF your company.
   9:timing.c      ****  *
  10:timing.c      ****  * ========================================
  11:timing.c      **** */
  12:timing.c      **** /***********************************************************************
  13:timing.c      **** *! \file:                   timing.c
  14:timing.c      **** *  \projekt:                PSOC_EVE_Sensorboard
  15:timing.c      **** *  \created on:             2020-02-12
  16:timing.c      **** *  \author:                 R. Gräber
  17:timing.c      **** *  \version:                0
  18:timing.c      **** *  \history:                -
  19:timing.c      **** *  \brief                   timing and delay functions
  20:timing.c      **** ***********************************************************************/
  21:timing.c      **** 
  22:timing.c      **** /***********************************************************************
  23:timing.c      **** * Includes
  24:timing.c      **** ***********************************************************************/
  25:timing.c      **** #include "timing.h"
  26:timing.c      **** /***********************************************************************
  27:timing.c      **** * Informations
  28:timing.c      **** ***********************************************************************/
  29:timing.c      **** //https://www.dyclassroom.com/c/c-pointers-and-two-dimensional-array
  30:timing.c      **** /***********************************************************************
ARM GAS  C:\Users\rene_\AppData\Local\Temp\ccLeOj5E.s 			page 2


  31:timing.c      **** * Local Funtions
  32:timing.c      **** ***********************************************************************/
  33:timing.c      **** void SysTickISRCallback(void);
  34:timing.c      **** /***********************************************************************
  35:timing.c      **** * Global Variable
  36:timing.c      **** ***********************************************************************/
  37:timing.c      **** uint32_t msCount;
  38:timing.c      **** uint32_t secCount;
  39:timing.c      **** uint32_t minCount;
  40:timing.c      **** volatile uint32_t tickStatus;
  41:timing.c      **** /***********************************************************************
  42:timing.c      **** * Constant
  43:timing.c      **** ***********************************************************************/
  44:timing.c      **** #define TIME_MIN_IN_HR      (60u)
  45:timing.c      **** #define TIME_SEC_IN_MIN     (60u)
  46:timing.c      **** #define TIME_MS_IN_SEC      (1000u)
  47:timing.c      **** 
  48:timing.c      **** 
  49:timing.c      **** 
  50:timing.c      **** 
  51:timing.c      **** /***********************************************************************
  52:timing.c      **** *! \fn			void SysTickISRCallback(void)
  53:timing.c      **** *  \brief		This API is called from SysTick timer interrupt handler to update the
  54:timing.c      **** *               millisecond counter.
  55:timing.c      **** *  \param		none
  56:timing.c      **** *  \exception	none
  57:timing.c      **** *  \return		none
  58:timing.c      **** ***********************************************************************/
  59:timing.c      **** void SysTickISRCallback(void){
  28              		.loc 1 59 0
  29              		.cfi_startproc
  30              		@ args = 0, pretend = 0, frame = 0
  31              		@ frame_needed = 0, uses_anonymous_args = 0
  32              		@ link register save eliminated.
  60:timing.c      ****     tickStatus = 1u;
  33              		.loc 1 60 0
  34 0000 0122     		movs	r2, #1
  35 0002 044B     		ldr	r3, .L3
  36 0004 1A60     		str	r2, [r3]
  61:timing.c      **** 
  62:timing.c      ****     /* Counts the number of milliseconds in one second */
  63:timing.c      ****     if(msCount != 0u)
  37              		.loc 1 63 0
  38 0006 044B     		ldr	r3, .L3+4
  39 0008 1B68     		ldr	r3, [r3]
  40 000a 13B1     		cbz	r3, .L1
  64:timing.c      ****     {
  65:timing.c      ****         --msCount;
  41              		.loc 1 65 0
  42 000c 013B     		subs	r3, r3, #1
  43 000e 024A     		ldr	r2, .L3+4
  44 0010 1360     		str	r3, [r2]
  45              	.L1:
  46 0012 7047     		bx	lr
  47              	.L4:
  48              		.align	2
  49              	.L3:
ARM GAS  C:\Users\rene_\AppData\Local\Temp\ccLeOj5E.s 			page 3


  50 0014 00000000 		.word	tickStatus
  51 0018 00000000 		.word	msCount
  52              		.cfi_endproc
  53              	.LFE64:
  54              		.size	SysTickISRCallback, .-SysTickISRCallback
  55              		.section	.text.init_Delay,"ax",%progbits
  56              		.align	2
  57              		.global	init_Delay
  58              		.thumb
  59              		.thumb_func
  60              		.type	init_Delay, %function
  61              	init_Delay:
  62              	.LFB65:
  66:timing.c      ****     }
  67:timing.c      ****     else
  68:timing.c      ****     {
  69:timing.c      ****         /* Counts from 999 down to 0 */
  70:timing.c      ****         //msCount = TIME_MS_IN_SEC - 1u;
  71:timing.c      ****     }
  72:timing.c      **** }
  73:timing.c      **** 
  74:timing.c      **** /***********************************************************************
  75:timing.c      **** *! \fn			void init_Delay(void)
  76:timing.c      **** *  \brief		init the systickcounter
  77:timing.c      **** *  \param		none
  78:timing.c      **** *  \exception	none
  79:timing.c      **** *  \return		none
  80:timing.c      **** ***********************************************************************/
  81:timing.c      **** void init_Delay(void){
  63              		.loc 1 81 0
  64              		.cfi_startproc
  65              		@ args = 0, pretend = 0, frame = 0
  66              		@ frame_needed = 0, uses_anonymous_args = 0
  67 0000 10B5     		push	{r4, lr}
  68              		.cfi_def_cfa_offset 8
  69              		.cfi_offset 4, -8
  70              		.cfi_offset 14, -4
  82:timing.c      **** 
  83:timing.c      ****     CySysTickStart();
  71              		.loc 1 83 0
  72 0002 FFF7FEFF 		bl	CySysTickStart
  73              	.LVL0:
  84:timing.c      ****     uint32 i;
  85:timing.c      **** 
  86:timing.c      ****     /* Find unused callback slot and assign the callback. */
  87:timing.c      ****     for (i = 0u; i < CY_SYS_SYST_NUM_OF_CALLBACKS; ++i)
  74              		.loc 1 87 0
  75 0006 0024     		movs	r4, #0
  76 0008 09E0     		b	.L6
  77              	.LVL1:
  78              	.L9:
  88:timing.c      ****     {
  89:timing.c      ****         if (CySysTickGetCallback(i) == NULL)
  79              		.loc 1 89 0
  80 000a 2046     		mov	r0, r4
  81 000c FFF7FEFF 		bl	CySysTickGetCallback
  82              	.LVL2:
ARM GAS  C:\Users\rene_\AppData\Local\Temp\ccLeOj5E.s 			page 4


  83 0010 20B9     		cbnz	r0, .L7
  90:timing.c      ****         {
  91:timing.c      ****             /* Set callback */
  92:timing.c      ****             CySysTickSetCallback(i, SysTickISRCallback);
  84              		.loc 1 92 0
  85 0012 0449     		ldr	r1, .L11
  86 0014 2046     		mov	r0, r4
  87 0016 FFF7FEFF 		bl	CySysTickSetCallback
  88              	.LVL3:
  93:timing.c      ****             break;
  89              		.loc 1 93 0
  90 001a 10BD     		pop	{r4, pc}
  91              	.LVL4:
  92              	.L7:
  87:timing.c      ****     {
  93              		.loc 1 87 0 discriminator 2
  94 001c 0134     		adds	r4, r4, #1
  95              	.LVL5:
  96              	.L6:
  87:timing.c      ****     {
  97              		.loc 1 87 0 is_stmt 0 discriminator 1
  98 001e 042C     		cmp	r4, #4
  99 0020 F3D9     		bls	.L9
 100 0022 10BD     		pop	{r4, pc}
 101              	.LVL6:
 102              	.L12:
 103              		.align	2
 104              	.L11:
 105 0024 00000000 		.word	SysTickISRCallback
 106              		.cfi_endproc
 107              	.LFE65:
 108              		.size	init_Delay, .-init_Delay
 109              		.section	.text.delay_ms,"ax",%progbits
 110              		.align	2
 111              		.global	delay_ms
 112              		.thumb
 113              		.thumb_func
 114              		.type	delay_ms, %function
 115              	delay_ms:
 116              	.LFB66:
  94:timing.c      ****         }
  95:timing.c      ****     }
  96:timing.c      **** }
  97:timing.c      **** 
  98:timing.c      **** /***********************************************************************
  99:timing.c      **** *! \fn			void delay_ms(uint32_t ms_to_delay)
 100:timing.c      **** *  \brief		delay ms
 101:timing.c      **** *  \param		uint32_t dms_to_delay - ticks to delay
 102:timing.c      **** *  \exception	none
 103:timing.c      **** *  \return		none
 104:timing.c      **** ***********************************************************************/
 105:timing.c      **** void delay_ms(uint32_t ms_to_delay){
 117              		.loc 1 105 0 is_stmt 1
 118              		.cfi_startproc
 119              		@ args = 0, pretend = 0, frame = 0
 120              		@ frame_needed = 0, uses_anonymous_args = 0
 121              		@ link register save eliminated.
ARM GAS  C:\Users\rene_\AppData\Local\Temp\ccLeOj5E.s 			page 5


 122              	.LVL7:
 106:timing.c      ****     
 107:timing.c      ****     msCount = ms_to_delay;
 123              		.loc 1 107 0
 124 0000 024B     		ldr	r3, .L15
 125 0002 1860     		str	r0, [r3]
 126              	.L14:
 108:timing.c      ****     
 109:timing.c      ****     while(msCount);
 127              		.loc 1 109 0 discriminator 1
 128 0004 0028     		cmp	r0, #0
 129 0006 FDD1     		bne	.L14
 110:timing.c      ****     
 111:timing.c      ****     
 112:timing.c      **** }
 130              		.loc 1 112 0
 131 0008 7047     		bx	lr
 132              	.L16:
 133 000a 00BF     		.align	2
 134              	.L15:
 135 000c 00000000 		.word	msCount
 136              		.cfi_endproc
 137              	.LFE66:
 138              		.size	delay_ms, .-delay_ms
 139              		.comm	tickStatus,4,4
 140              		.comm	minCount,4,4
 141              		.comm	secCount,4,4
 142              		.comm	msCount,4,4
 143              		.text
 144              	.Letext0:
 145              		.file 2 "c:\\program files (x86)\\cypress\\psoc creator\\4.2\\psoc creator\\import\\gnu\\arm\\5.4.
 146              		.file 3 "c:\\program files (x86)\\cypress\\psoc creator\\4.2\\psoc creator\\import\\gnu\\arm\\5.4.
 147              		.file 4 "Generated_Source\\PSoC5/cytypes.h"
 148              		.file 5 "Generated_Source\\PSoC5/core_cm3.h"
 149              		.file 6 "Generated_Source\\PSoC5/CyLib.h"
 150              		.section	.debug_info,"",%progbits
 151              	.Ldebug_info0:
 152 0000 CB010000 		.4byte	0x1cb
 153 0004 0400     		.2byte	0x4
 154 0006 00000000 		.4byte	.Ldebug_abbrev0
 155 000a 04       		.byte	0x4
 156 000b 01       		.uleb128 0x1
 157 000c 5F000000 		.4byte	.LASF29
 158 0010 0C       		.byte	0xc
 159 0011 00000000 		.4byte	.LASF30
 160 0015 6F010000 		.4byte	.LASF31
 161 0019 00000000 		.4byte	.Ldebug_ranges0+0
 162 001d 00000000 		.4byte	0
 163 0021 00000000 		.4byte	.Ldebug_line0
 164 0025 02       		.uleb128 0x2
 165 0026 01       		.byte	0x1
 166 0027 06       		.byte	0x6
 167 0028 43020000 		.4byte	.LASF0
 168 002c 02       		.uleb128 0x2
 169 002d 01       		.byte	0x1
 170 002e 08       		.byte	0x8
 171 002f 51000000 		.4byte	.LASF1
ARM GAS  C:\Users\rene_\AppData\Local\Temp\ccLeOj5E.s 			page 6


 172 0033 02       		.uleb128 0x2
 173 0034 02       		.byte	0x2
 174 0035 05       		.byte	0x5
 175 0036 56010000 		.4byte	.LASF2
 176 003a 02       		.uleb128 0x2
 177 003b 02       		.byte	0x2
 178 003c 07       		.byte	0x7
 179 003d 19010000 		.4byte	.LASF3
 180 0041 03       		.uleb128 0x3
 181 0042 1E000000 		.4byte	.LASF5
 182 0046 02       		.byte	0x2
 183 0047 3F       		.byte	0x3f
 184 0048 4C000000 		.4byte	0x4c
 185 004c 02       		.uleb128 0x2
 186 004d 04       		.byte	0x4
 187 004e 05       		.byte	0x5
 188 004f 2E020000 		.4byte	.LASF4
 189 0053 03       		.uleb128 0x3
 190 0054 ED000000 		.4byte	.LASF6
 191 0058 02       		.byte	0x2
 192 0059 41       		.byte	0x41
 193 005a 5E000000 		.4byte	0x5e
 194 005e 02       		.uleb128 0x2
 195 005f 04       		.byte	0x4
 196 0060 07       		.byte	0x7
 197 0061 07010000 		.4byte	.LASF7
 198 0065 02       		.uleb128 0x2
 199 0066 08       		.byte	0x8
 200 0067 05       		.byte	0x5
 201 0068 F1010000 		.4byte	.LASF8
 202 006c 02       		.uleb128 0x2
 203 006d 08       		.byte	0x8
 204 006e 07       		.byte	0x7
 205 006f BE010000 		.4byte	.LASF9
 206 0073 04       		.uleb128 0x4
 207 0074 04       		.byte	0x4
 208 0075 05       		.byte	0x5
 209 0076 696E7400 		.ascii	"int\000"
 210 007a 02       		.uleb128 0x2
 211 007b 04       		.byte	0x4
 212 007c 07       		.byte	0x7
 213 007d B1010000 		.4byte	.LASF10
 214 0081 02       		.uleb128 0x2
 215 0082 08       		.byte	0x8
 216 0083 04       		.byte	0x4
 217 0084 37020000 		.4byte	.LASF11
 218 0088 02       		.uleb128 0x2
 219 0089 04       		.byte	0x4
 220 008a 07       		.byte	0x7
 221 008b DD010000 		.4byte	.LASF12
 222 008f 02       		.uleb128 0x2
 223 0090 01       		.byte	0x1
 224 0091 08       		.byte	0x8
 225 0092 FF010000 		.4byte	.LASF13
 226 0096 03       		.uleb128 0x3
 227 0097 D5010000 		.4byte	.LASF14
 228 009b 03       		.byte	0x3
ARM GAS  C:\Users\rene_\AppData\Local\Temp\ccLeOj5E.s 			page 7


 229 009c 2C       		.byte	0x2c
 230 009d 41000000 		.4byte	0x41
 231 00a1 03       		.uleb128 0x3
 232 00a2 25020000 		.4byte	.LASF15
 233 00a6 03       		.byte	0x3
 234 00a7 30       		.byte	0x30
 235 00a8 53000000 		.4byte	0x53
 236 00ac 05       		.uleb128 0x5
 237 00ad 68010000 		.4byte	.LASF16
 238 00b1 04       		.byte	0x4
 239 00b2 E601     		.2byte	0x1e6
 240 00b4 5E000000 		.4byte	0x5e
 241 00b8 02       		.uleb128 0x2
 242 00b9 04       		.byte	0x4
 243 00ba 04       		.byte	0x4
 244 00bb 4B000000 		.4byte	.LASF17
 245 00bf 02       		.uleb128 0x2
 246 00c0 08       		.byte	0x8
 247 00c1 04       		.byte	0x4
 248 00c2 28000000 		.4byte	.LASF18
 249 00c6 06       		.uleb128 0x6
 250 00c7 A1000000 		.4byte	0xa1
 251 00cb 07       		.uleb128 0x7
 252 00cc 38000000 		.4byte	.LASF32
 253 00d0 01       		.byte	0x1
 254 00d1 3B       		.byte	0x3b
 255 00d2 00000000 		.4byte	.LFB64
 256 00d6 1C000000 		.4byte	.LFE64-.LFB64
 257 00da 01       		.uleb128 0x1
 258 00db 9C       		.byte	0x9c
 259 00dc 08       		.uleb128 0x8
 260 00dd 42010000 		.4byte	.LASF19
 261 00e1 01       		.byte	0x1
 262 00e2 51       		.byte	0x51
 263 00e3 00000000 		.4byte	.LFB65
 264 00e7 28000000 		.4byte	.LFE65-.LFB65
 265 00eb 01       		.uleb128 0x1
 266 00ec 9C       		.byte	0x9c
 267 00ed 35010000 		.4byte	0x135
 268 00f1 09       		.uleb128 0x9
 269 00f2 6900     		.ascii	"i\000"
 270 00f4 01       		.byte	0x1
 271 00f5 54       		.byte	0x54
 272 00f6 AC000000 		.4byte	0xac
 273 00fa 00000000 		.4byte	.LLST0
 274 00fe 0A       		.uleb128 0xa
 275 00ff 06000000 		.4byte	.LVL0
 276 0103 AD010000 		.4byte	0x1ad
 277 0107 0B       		.uleb128 0xb
 278 0108 10000000 		.4byte	.LVL2
 279 010c B8010000 		.4byte	0x1b8
 280 0110 1B010000 		.4byte	0x11b
 281 0114 0C       		.uleb128 0xc
 282 0115 01       		.uleb128 0x1
 283 0116 50       		.byte	0x50
 284 0117 02       		.uleb128 0x2
 285 0118 74       		.byte	0x74
ARM GAS  C:\Users\rene_\AppData\Local\Temp\ccLeOj5E.s 			page 8


 286 0119 00       		.sleb128 0
 287 011a 00       		.byte	0
 288 011b 0D       		.uleb128 0xd
 289 011c 1A000000 		.4byte	.LVL3
 290 0120 C3010000 		.4byte	0x1c3
 291 0124 0C       		.uleb128 0xc
 292 0125 01       		.uleb128 0x1
 293 0126 50       		.byte	0x50
 294 0127 02       		.uleb128 0x2
 295 0128 74       		.byte	0x74
 296 0129 00       		.sleb128 0
 297 012a 0C       		.uleb128 0xc
 298 012b 01       		.uleb128 0x1
 299 012c 51       		.byte	0x51
 300 012d 05       		.uleb128 0x5
 301 012e 03       		.byte	0x3
 302 012f 00000000 		.4byte	SysTickISRCallback
 303 0133 00       		.byte	0
 304 0134 00       		.byte	0
 305 0135 08       		.uleb128 0x8
 306 0136 4D010000 		.4byte	.LASF20
 307 013a 01       		.byte	0x1
 308 013b 69       		.byte	0x69
 309 013c 00000000 		.4byte	.LFB66
 310 0140 10000000 		.4byte	.LFE66-.LFB66
 311 0144 01       		.uleb128 0x1
 312 0145 9C       		.byte	0x9c
 313 0146 58010000 		.4byte	0x158
 314 014a 0E       		.uleb128 0xe
 315 014b 04020000 		.4byte	.LASF33
 316 014f 01       		.byte	0x1
 317 0150 69       		.byte	0x69
 318 0151 A1000000 		.4byte	0xa1
 319 0155 01       		.uleb128 0x1
 320 0156 50       		.byte	0x50
 321 0157 00       		.byte	0
 322 0158 0F       		.uleb128 0xf
 323 0159 2C010000 		.4byte	.LASF21
 324 015d 05       		.byte	0x5
 325 015e 1207     		.2byte	0x712
 326 0160 64010000 		.4byte	0x164
 327 0164 06       		.uleb128 0x6
 328 0165 96000000 		.4byte	0x96
 329 0169 10       		.uleb128 0x10
 330 016a 60010000 		.4byte	.LASF22
 331 016e 01       		.byte	0x1
 332 016f 25       		.byte	0x25
 333 0170 A1000000 		.4byte	0xa1
 334 0174 05       		.uleb128 0x5
 335 0175 03       		.byte	0x3
 336 0176 00000000 		.4byte	msCount
 337 017a 10       		.uleb128 0x10
 338 017b 2F000000 		.4byte	.LASF23
 339 017f 01       		.byte	0x1
 340 0180 26       		.byte	0x26
 341 0181 A1000000 		.4byte	0xa1
 342 0185 05       		.uleb128 0x5
ARM GAS  C:\Users\rene_\AppData\Local\Temp\ccLeOj5E.s 			page 9


 343 0186 03       		.byte	0x3
 344 0187 00000000 		.4byte	secCount
 345 018b 10       		.uleb128 0x10
 346 018c 39010000 		.4byte	.LASF24
 347 0190 01       		.byte	0x1
 348 0191 27       		.byte	0x27
 349 0192 A1000000 		.4byte	0xa1
 350 0196 05       		.uleb128 0x5
 351 0197 03       		.byte	0x3
 352 0198 00000000 		.4byte	minCount
 353 019c 10       		.uleb128 0x10
 354 019d E6010000 		.4byte	.LASF25
 355 01a1 01       		.byte	0x1
 356 01a2 28       		.byte	0x28
 357 01a3 C6000000 		.4byte	0xc6
 358 01a7 05       		.uleb128 0x5
 359 01a8 03       		.byte	0x3
 360 01a9 00000000 		.4byte	tickStatus
 361 01ad 11       		.uleb128 0x11
 362 01ae F8000000 		.4byte	.LASF26
 363 01b2 F8000000 		.4byte	.LASF26
 364 01b6 06       		.byte	0x6
 365 01b7 AE       		.byte	0xae
 366 01b8 11       		.uleb128 0x11
 367 01b9 10020000 		.4byte	.LASF27
 368 01bd 10020000 		.4byte	.LASF27
 369 01c1 06       		.byte	0x6
 370 01c2 B8       		.byte	0xb8
 371 01c3 11       		.uleb128 0x11
 372 01c4 09000000 		.4byte	.LASF28
 373 01c8 09000000 		.4byte	.LASF28
 374 01cc 06       		.byte	0x6
 375 01cd B7       		.byte	0xb7
 376 01ce 00       		.byte	0
 377              		.section	.debug_abbrev,"",%progbits
 378              	.Ldebug_abbrev0:
 379 0000 01       		.uleb128 0x1
 380 0001 11       		.uleb128 0x11
 381 0002 01       		.byte	0x1
 382 0003 25       		.uleb128 0x25
 383 0004 0E       		.uleb128 0xe
 384 0005 13       		.uleb128 0x13
 385 0006 0B       		.uleb128 0xb
 386 0007 03       		.uleb128 0x3
 387 0008 0E       		.uleb128 0xe
 388 0009 1B       		.uleb128 0x1b
 389 000a 0E       		.uleb128 0xe
 390 000b 55       		.uleb128 0x55
 391 000c 17       		.uleb128 0x17
 392 000d 11       		.uleb128 0x11
 393 000e 01       		.uleb128 0x1
 394 000f 10       		.uleb128 0x10
 395 0010 17       		.uleb128 0x17
 396 0011 00       		.byte	0
 397 0012 00       		.byte	0
 398 0013 02       		.uleb128 0x2
 399 0014 24       		.uleb128 0x24
ARM GAS  C:\Users\rene_\AppData\Local\Temp\ccLeOj5E.s 			page 10


 400 0015 00       		.byte	0
 401 0016 0B       		.uleb128 0xb
 402 0017 0B       		.uleb128 0xb
 403 0018 3E       		.uleb128 0x3e
 404 0019 0B       		.uleb128 0xb
 405 001a 03       		.uleb128 0x3
 406 001b 0E       		.uleb128 0xe
 407 001c 00       		.byte	0
 408 001d 00       		.byte	0
 409 001e 03       		.uleb128 0x3
 410 001f 16       		.uleb128 0x16
 411 0020 00       		.byte	0
 412 0021 03       		.uleb128 0x3
 413 0022 0E       		.uleb128 0xe
 414 0023 3A       		.uleb128 0x3a
 415 0024 0B       		.uleb128 0xb
 416 0025 3B       		.uleb128 0x3b
 417 0026 0B       		.uleb128 0xb
 418 0027 49       		.uleb128 0x49
 419 0028 13       		.uleb128 0x13
 420 0029 00       		.byte	0
 421 002a 00       		.byte	0
 422 002b 04       		.uleb128 0x4
 423 002c 24       		.uleb128 0x24
 424 002d 00       		.byte	0
 425 002e 0B       		.uleb128 0xb
 426 002f 0B       		.uleb128 0xb
 427 0030 3E       		.uleb128 0x3e
 428 0031 0B       		.uleb128 0xb
 429 0032 03       		.uleb128 0x3
 430 0033 08       		.uleb128 0x8
 431 0034 00       		.byte	0
 432 0035 00       		.byte	0
 433 0036 05       		.uleb128 0x5
 434 0037 16       		.uleb128 0x16
 435 0038 00       		.byte	0
 436 0039 03       		.uleb128 0x3
 437 003a 0E       		.uleb128 0xe
 438 003b 3A       		.uleb128 0x3a
 439 003c 0B       		.uleb128 0xb
 440 003d 3B       		.uleb128 0x3b
 441 003e 05       		.uleb128 0x5
 442 003f 49       		.uleb128 0x49
 443 0040 13       		.uleb128 0x13
 444 0041 00       		.byte	0
 445 0042 00       		.byte	0
 446 0043 06       		.uleb128 0x6
 447 0044 35       		.uleb128 0x35
 448 0045 00       		.byte	0
 449 0046 49       		.uleb128 0x49
 450 0047 13       		.uleb128 0x13
 451 0048 00       		.byte	0
 452 0049 00       		.byte	0
 453 004a 07       		.uleb128 0x7
 454 004b 2E       		.uleb128 0x2e
 455 004c 00       		.byte	0
 456 004d 3F       		.uleb128 0x3f
ARM GAS  C:\Users\rene_\AppData\Local\Temp\ccLeOj5E.s 			page 11


 457 004e 19       		.uleb128 0x19
 458 004f 03       		.uleb128 0x3
 459 0050 0E       		.uleb128 0xe
 460 0051 3A       		.uleb128 0x3a
 461 0052 0B       		.uleb128 0xb
 462 0053 3B       		.uleb128 0x3b
 463 0054 0B       		.uleb128 0xb
 464 0055 27       		.uleb128 0x27
 465 0056 19       		.uleb128 0x19
 466 0057 11       		.uleb128 0x11
 467 0058 01       		.uleb128 0x1
 468 0059 12       		.uleb128 0x12
 469 005a 06       		.uleb128 0x6
 470 005b 40       		.uleb128 0x40
 471 005c 18       		.uleb128 0x18
 472 005d 9742     		.uleb128 0x2117
 473 005f 19       		.uleb128 0x19
 474 0060 00       		.byte	0
 475 0061 00       		.byte	0
 476 0062 08       		.uleb128 0x8
 477 0063 2E       		.uleb128 0x2e
 478 0064 01       		.byte	0x1
 479 0065 3F       		.uleb128 0x3f
 480 0066 19       		.uleb128 0x19
 481 0067 03       		.uleb128 0x3
 482 0068 0E       		.uleb128 0xe
 483 0069 3A       		.uleb128 0x3a
 484 006a 0B       		.uleb128 0xb
 485 006b 3B       		.uleb128 0x3b
 486 006c 0B       		.uleb128 0xb
 487 006d 27       		.uleb128 0x27
 488 006e 19       		.uleb128 0x19
 489 006f 11       		.uleb128 0x11
 490 0070 01       		.uleb128 0x1
 491 0071 12       		.uleb128 0x12
 492 0072 06       		.uleb128 0x6
 493 0073 40       		.uleb128 0x40
 494 0074 18       		.uleb128 0x18
 495 0075 9742     		.uleb128 0x2117
 496 0077 19       		.uleb128 0x19
 497 0078 01       		.uleb128 0x1
 498 0079 13       		.uleb128 0x13
 499 007a 00       		.byte	0
 500 007b 00       		.byte	0
 501 007c 09       		.uleb128 0x9
 502 007d 34       		.uleb128 0x34
 503 007e 00       		.byte	0
 504 007f 03       		.uleb128 0x3
 505 0080 08       		.uleb128 0x8
 506 0081 3A       		.uleb128 0x3a
 507 0082 0B       		.uleb128 0xb
 508 0083 3B       		.uleb128 0x3b
 509 0084 0B       		.uleb128 0xb
 510 0085 49       		.uleb128 0x49
 511 0086 13       		.uleb128 0x13
 512 0087 02       		.uleb128 0x2
 513 0088 17       		.uleb128 0x17
ARM GAS  C:\Users\rene_\AppData\Local\Temp\ccLeOj5E.s 			page 12


 514 0089 00       		.byte	0
 515 008a 00       		.byte	0
 516 008b 0A       		.uleb128 0xa
 517 008c 898201   		.uleb128 0x4109
 518 008f 00       		.byte	0
 519 0090 11       		.uleb128 0x11
 520 0091 01       		.uleb128 0x1
 521 0092 31       		.uleb128 0x31
 522 0093 13       		.uleb128 0x13
 523 0094 00       		.byte	0
 524 0095 00       		.byte	0
 525 0096 0B       		.uleb128 0xb
 526 0097 898201   		.uleb128 0x4109
 527 009a 01       		.byte	0x1
 528 009b 11       		.uleb128 0x11
 529 009c 01       		.uleb128 0x1
 530 009d 31       		.uleb128 0x31
 531 009e 13       		.uleb128 0x13
 532 009f 01       		.uleb128 0x1
 533 00a0 13       		.uleb128 0x13
 534 00a1 00       		.byte	0
 535 00a2 00       		.byte	0
 536 00a3 0C       		.uleb128 0xc
 537 00a4 8A8201   		.uleb128 0x410a
 538 00a7 00       		.byte	0
 539 00a8 02       		.uleb128 0x2
 540 00a9 18       		.uleb128 0x18
 541 00aa 9142     		.uleb128 0x2111
 542 00ac 18       		.uleb128 0x18
 543 00ad 00       		.byte	0
 544 00ae 00       		.byte	0
 545 00af 0D       		.uleb128 0xd
 546 00b0 898201   		.uleb128 0x4109
 547 00b3 01       		.byte	0x1
 548 00b4 11       		.uleb128 0x11
 549 00b5 01       		.uleb128 0x1
 550 00b6 31       		.uleb128 0x31
 551 00b7 13       		.uleb128 0x13
 552 00b8 00       		.byte	0
 553 00b9 00       		.byte	0
 554 00ba 0E       		.uleb128 0xe
 555 00bb 05       		.uleb128 0x5
 556 00bc 00       		.byte	0
 557 00bd 03       		.uleb128 0x3
 558 00be 0E       		.uleb128 0xe
 559 00bf 3A       		.uleb128 0x3a
 560 00c0 0B       		.uleb128 0xb
 561 00c1 3B       		.uleb128 0x3b
 562 00c2 0B       		.uleb128 0xb
 563 00c3 49       		.uleb128 0x49
 564 00c4 13       		.uleb128 0x13
 565 00c5 02       		.uleb128 0x2
 566 00c6 18       		.uleb128 0x18
 567 00c7 00       		.byte	0
 568 00c8 00       		.byte	0
 569 00c9 0F       		.uleb128 0xf
 570 00ca 34       		.uleb128 0x34
ARM GAS  C:\Users\rene_\AppData\Local\Temp\ccLeOj5E.s 			page 13


 571 00cb 00       		.byte	0
 572 00cc 03       		.uleb128 0x3
 573 00cd 0E       		.uleb128 0xe
 574 00ce 3A       		.uleb128 0x3a
 575 00cf 0B       		.uleb128 0xb
 576 00d0 3B       		.uleb128 0x3b
 577 00d1 05       		.uleb128 0x5
 578 00d2 49       		.uleb128 0x49
 579 00d3 13       		.uleb128 0x13
 580 00d4 3F       		.uleb128 0x3f
 581 00d5 19       		.uleb128 0x19
 582 00d6 3C       		.uleb128 0x3c
 583 00d7 19       		.uleb128 0x19
 584 00d8 00       		.byte	0
 585 00d9 00       		.byte	0
 586 00da 10       		.uleb128 0x10
 587 00db 34       		.uleb128 0x34
 588 00dc 00       		.byte	0
 589 00dd 03       		.uleb128 0x3
 590 00de 0E       		.uleb128 0xe
 591 00df 3A       		.uleb128 0x3a
 592 00e0 0B       		.uleb128 0xb
 593 00e1 3B       		.uleb128 0x3b
 594 00e2 0B       		.uleb128 0xb
 595 00e3 49       		.uleb128 0x49
 596 00e4 13       		.uleb128 0x13
 597 00e5 3F       		.uleb128 0x3f
 598 00e6 19       		.uleb128 0x19
 599 00e7 02       		.uleb128 0x2
 600 00e8 18       		.uleb128 0x18
 601 00e9 00       		.byte	0
 602 00ea 00       		.byte	0
 603 00eb 11       		.uleb128 0x11
 604 00ec 2E       		.uleb128 0x2e
 605 00ed 00       		.byte	0
 606 00ee 3F       		.uleb128 0x3f
 607 00ef 19       		.uleb128 0x19
 608 00f0 3C       		.uleb128 0x3c
 609 00f1 19       		.uleb128 0x19
 610 00f2 6E       		.uleb128 0x6e
 611 00f3 0E       		.uleb128 0xe
 612 00f4 03       		.uleb128 0x3
 613 00f5 0E       		.uleb128 0xe
 614 00f6 3A       		.uleb128 0x3a
 615 00f7 0B       		.uleb128 0xb
 616 00f8 3B       		.uleb128 0x3b
 617 00f9 0B       		.uleb128 0xb
 618 00fa 00       		.byte	0
 619 00fb 00       		.byte	0
 620 00fc 00       		.byte	0
 621              		.section	.debug_loc,"",%progbits
 622              	.Ldebug_loc0:
 623              	.LLST0:
 624 0000 06000000 		.4byte	.LVL0
 625 0004 0A000000 		.4byte	.LVL1
 626 0008 0200     		.2byte	0x2
 627 000a 30       		.byte	0x30
ARM GAS  C:\Users\rene_\AppData\Local\Temp\ccLeOj5E.s 			page 14


 628 000b 9F       		.byte	0x9f
 629 000c 0A000000 		.4byte	.LVL1
 630 0010 24000000 		.4byte	.LVL6
 631 0014 0100     		.2byte	0x1
 632 0016 54       		.byte	0x54
 633 0017 00000000 		.4byte	0
 634 001b 00000000 		.4byte	0
 635              		.section	.debug_aranges,"",%progbits
 636 0000 2C000000 		.4byte	0x2c
 637 0004 0200     		.2byte	0x2
 638 0006 00000000 		.4byte	.Ldebug_info0
 639 000a 04       		.byte	0x4
 640 000b 00       		.byte	0
 641 000c 0000     		.2byte	0
 642 000e 0000     		.2byte	0
 643 0010 00000000 		.4byte	.LFB64
 644 0014 1C000000 		.4byte	.LFE64-.LFB64
 645 0018 00000000 		.4byte	.LFB65
 646 001c 28000000 		.4byte	.LFE65-.LFB65
 647 0020 00000000 		.4byte	.LFB66
 648 0024 10000000 		.4byte	.LFE66-.LFB66
 649 0028 00000000 		.4byte	0
 650 002c 00000000 		.4byte	0
 651              		.section	.debug_ranges,"",%progbits
 652              	.Ldebug_ranges0:
 653 0000 00000000 		.4byte	.LFB64
 654 0004 1C000000 		.4byte	.LFE64
 655 0008 00000000 		.4byte	.LFB65
 656 000c 28000000 		.4byte	.LFE65
 657 0010 00000000 		.4byte	.LFB66
 658 0014 10000000 		.4byte	.LFE66
 659 0018 00000000 		.4byte	0
 660 001c 00000000 		.4byte	0
 661              		.section	.debug_line,"",%progbits
 662              	.Ldebug_line0:
 663 0000 AA010000 		.section	.debug_str,"MS",%progbits,1
 663      02005901 
 663      00000201 
 663      FB0E0D00 
 663      01010101 
 664              	.LASF30:
 665 0000 74696D69 		.ascii	"timing.c\000"
 665      6E672E63 
 665      00
 666              	.LASF28:
 667 0009 43795379 		.ascii	"CySysTickSetCallback\000"
 667      73546963 
 667      6B536574 
 667      43616C6C 
 667      6261636B 
 668              	.LASF5:
 669 001e 5F5F696E 		.ascii	"__int32_t\000"
 669      7433325F 
 669      7400
 670              	.LASF18:
 671 0028 646F7562 		.ascii	"double\000"
 671      6C6500
ARM GAS  C:\Users\rene_\AppData\Local\Temp\ccLeOj5E.s 			page 15


 672              	.LASF23:
 673 002f 73656343 		.ascii	"secCount\000"
 673      6F756E74 
 673      00
 674              	.LASF32:
 675 0038 53797354 		.ascii	"SysTickISRCallback\000"
 675      69636B49 
 675      53524361 
 675      6C6C6261 
 675      636B00
 676              	.LASF17:
 677 004b 666C6F61 		.ascii	"float\000"
 677      7400
 678              	.LASF1:
 679 0051 756E7369 		.ascii	"unsigned char\000"
 679      676E6564 
 679      20636861 
 679      7200
 680              	.LASF29:
 681 005f 474E5520 		.ascii	"GNU C11 5.4.1 20160609 (release) [ARM/embedded-5-br"
 681      43313120 
 681      352E342E 
 681      31203230 
 681      31363036 
 682 0092 616E6368 		.ascii	"anch revision 237715] -mcpu=cortex-m3 -mthumb -g -O"
 682      20726576 
 682      6973696F 
 682      6E203233 
 682      37373135 
 683 00c5 67202D66 		.ascii	"g -ffunction-sections -ffat-lto-objects\000"
 683      66756E63 
 683      74696F6E 
 683      2D736563 
 683      74696F6E 
 684              	.LASF6:
 685 00ed 5F5F7569 		.ascii	"__uint32_t\000"
 685      6E743332 
 685      5F7400
 686              	.LASF26:
 687 00f8 43795379 		.ascii	"CySysTickStart\000"
 687      73546963 
 687      6B537461 
 687      727400
 688              	.LASF7:
 689 0107 6C6F6E67 		.ascii	"long unsigned int\000"
 689      20756E73 
 689      69676E65 
 689      6420696E 
 689      7400
 690              	.LASF3:
 691 0119 73686F72 		.ascii	"short unsigned int\000"
 691      7420756E 
 691      7369676E 
 691      65642069 
 691      6E7400
 692              	.LASF21:
 693 012c 49544D5F 		.ascii	"ITM_RxBuffer\000"
ARM GAS  C:\Users\rene_\AppData\Local\Temp\ccLeOj5E.s 			page 16


 693      52784275 
 693      66666572 
 693      00
 694              	.LASF24:
 695 0139 6D696E43 		.ascii	"minCount\000"
 695      6F756E74 
 695      00
 696              	.LASF19:
 697 0142 696E6974 		.ascii	"init_Delay\000"
 697      5F44656C 
 697      617900
 698              	.LASF20:
 699 014d 64656C61 		.ascii	"delay_ms\000"
 699      795F6D73 
 699      00
 700              	.LASF2:
 701 0156 73686F72 		.ascii	"short int\000"
 701      7420696E 
 701      7400
 702              	.LASF22:
 703 0160 6D73436F 		.ascii	"msCount\000"
 703      756E7400 
 704              	.LASF16:
 705 0168 75696E74 		.ascii	"uint32\000"
 705      333200
 706              	.LASF31:
 707 016f 433A5C70 		.ascii	"C:\\projekte\\repo\\HomeServer\\Firmware\\Cypress\\"
 707      726F6A65 
 707      6B74655C 
 707      7265706F 
 707      5C486F6D 
 708 019c 486F6D65 		.ascii	"HomeServer\\EVE.cydsn\000"
 708      53657276 
 708      65725C45 
 708      56452E63 
 708      7964736E 
 709              	.LASF10:
 710 01b1 756E7369 		.ascii	"unsigned int\000"
 710      676E6564 
 710      20696E74 
 710      00
 711              	.LASF9:
 712 01be 6C6F6E67 		.ascii	"long long unsigned int\000"
 712      206C6F6E 
 712      6720756E 
 712      7369676E 
 712      65642069 
 713              	.LASF14:
 714 01d5 696E7433 		.ascii	"int32_t\000"
 714      325F7400 
 715              	.LASF12:
 716 01dd 73697A65 		.ascii	"sizetype\000"
 716      74797065 
 716      00
 717              	.LASF25:
 718 01e6 7469636B 		.ascii	"tickStatus\000"
 718      53746174 
ARM GAS  C:\Users\rene_\AppData\Local\Temp\ccLeOj5E.s 			page 17


 718      757300
 719              	.LASF8:
 720 01f1 6C6F6E67 		.ascii	"long long int\000"
 720      206C6F6E 
 720      6720696E 
 720      7400
 721              	.LASF13:
 722 01ff 63686172 		.ascii	"char\000"
 722      00
 723              	.LASF33:
 724 0204 6D735F74 		.ascii	"ms_to_delay\000"
 724      6F5F6465 
 724      6C617900 
 725              	.LASF27:
 726 0210 43795379 		.ascii	"CySysTickGetCallback\000"
 726      73546963 
 726      6B476574 
 726      43616C6C 
 726      6261636B 
 727              	.LASF15:
 728 0225 75696E74 		.ascii	"uint32_t\000"
 728      33325F74 
 728      00
 729              	.LASF4:
 730 022e 6C6F6E67 		.ascii	"long int\000"
 730      20696E74 
 730      00
 731              	.LASF11:
 732 0237 6C6F6E67 		.ascii	"long double\000"
 732      20646F75 
 732      626C6500 
 733              	.LASF0:
 734 0243 7369676E 		.ascii	"signed char\000"
 734      65642063 
 734      68617200 
 735              		.ident	"GCC: (GNU Tools for ARM Embedded Processors) 5.4.1 20160609 (release) [ARM/embedded-5-bran
