Loading plugins phase: Elapsed time ==> 0s.140ms
<CYPRESSTAG name="CyDsfit arguments...">
cydsfit arguments: -.fdsnotice -.fdswarpdepfile=warp_dependencies.txt -.fdselabdepfile=elab_dependencies.txt -.fdsbldfile=generated_files.txt -.fdsreffile=referenced_files.txt -p C:\projekte\repo\HomeServer\Firmware\Cypress\HomeServer\EVE.cydsn\EVE.cyprj -d CY8C5868AXI-LP035 -s C:\projekte\repo\HomeServer\Firmware\Cypress\HomeServer\EVE.cydsn\Generated_Source\PSoC5 -- -yv2 -q10 -ygs -o2 -v3 -.fftcfgtype=LE
</CYPRESSTAG>
<CYPRESSTAG name="Design elaboration results...">
</CYPRESSTAG>
Elaboration phase: Elapsed time ==> 1s.281ms
<CYPRESSTAG name="HDL generation results...">
</CYPRESSTAG>
HDL generation phase: Elapsed time ==> 0s.031ms
<CYPRESSTAG name="Synthesis results...">

     | | | | | | |
   _________________
  -|               |-
  -|               |-
  -|               |-
  -|    CYPRESS    |-
  -|               |-
  -|               |-   Warp Verilog Synthesis Compiler: Version 6.3 IR 41
  -|               |-   Copyright (C) 1991-2001 Cypress Semiconductor
   |_______________|
     | | | | | | |

======================================================================
Compiling:  EVE.v
Program  :   C:\Program Files (x86)\Cypress\PSoC Creator\4.2\PSoC Creator\warp\bin\warp.exe
Options  :    -yv2 -q10 -ygs -o2 -v3 -.fftcfgtype=LE -ya -.fftprj=C:\projekte\repo\HomeServer\Firmware\Cypress\HomeServer\EVE.cydsn\EVE.cyprj -dcpsoc3 EVE.v -verilog
======================================================================

======================================================================
Compiling:  EVE.v
Program  :   C:\Program Files (x86)\Cypress\PSoC Creator\4.2\PSoC Creator\warp\bin\warp.exe
Options  :    -yv2 -q10 -ygs -o2 -v3 -.fftcfgtype=LE -ya -.fftprj=C:\projekte\repo\HomeServer\Firmware\Cypress\HomeServer\EVE.cydsn\EVE.cyprj -dcpsoc3 EVE.v -verilog
======================================================================

======================================================================
Compiling:  EVE.v
Program  :   vlogfe
Options  :    -yv2 -q10 -ygs -o2 -v3 -.fftcfgtype=LE -ya -.fftprj=C:\projekte\repo\HomeServer\Firmware\Cypress\HomeServer\EVE.cydsn\EVE.cyprj -dcpsoc3 -verilog EVE.v
======================================================================

vlogfe V6.3 IR 41:  Verilog parser
Fri Jan 24 17:07:07 2020


======================================================================
Compiling:  EVE.v
Program  :   vpp
Options  :    -yv2 -q10 EVE.v
======================================================================

vpp V6.3 IR 41:  Verilog Pre-Processor
Fri Jan 24 17:07:07 2020

Flattening file 'C:\Program Files (x86)\Cypress\PSoC Creator\4.2\PSoC Creator\psoc\content\CyPrimitives\cyprimitives.cylib\cy_virtualmux_v1_0\cy_virtualmux_v1_0.v'
Flattening file 'C:\Program Files (x86)\Cypress\PSoC Creator\4.2\PSoC Creator\psoc\content\CyComponentLibrary\CyComponentLibrary.cylib\B_SPI_Master_v2_50\B_SPI_Master_v2_50.v'
Flattening file 'C:\Program Files (x86)\Cypress\PSoC Creator\4.2\PSoC Creator\warp\lib\common\cypress.v'
Flattening file 'C:\Program Files (x86)\Cypress\PSoC Creator\4.2\PSoC Creator\warp\lib\common\cy_psoc3_inc.v'
Flattening file 'C:\Program Files (x86)\Cypress\PSoC Creator\4.2\PSoC Creator\psoc\content\CyPrimitives\cyprimitives.cylib\ZeroTerminal\ZeroTerminal.v'

vpp:  No errors.

Library 'work' => directory 'lcpsoc3'
General_symbol_table
General_symbol_table
Linking 'C:\Program Files (x86)\Cypress\PSoC Creator\4.2\PSoC Creator\warp\lib\common\std.vhd'.
Linking 'C:\Program Files (x86)\Cypress\PSoC Creator\4.2\PSoC Creator\warp\lib\common\cypress.vhd'.
Linking 'C:\Program Files (x86)\Cypress\PSoC Creator\4.2\PSoC Creator\warp\lib\common\work\cypress.vif'.
Linking 'C:\Program Files (x86)\Cypress\PSoC Creator\4.2\PSoC Creator\warp\lib\ieee\work\stdlogic.vif'.
Linking 'C:\Program Files (x86)\Cypress\PSoC Creator\4.2\PSoC Creator\warp\lib\common\stdlogic\lpmpkg.vif'.
Linking 'C:\Program Files (x86)\Cypress\PSoC Creator\4.2\PSoC Creator\warp\lib\common\stdlogic\rtlpkg.vif'.
Linking 'C:\Program Files (x86)\Cypress\PSoC Creator\4.2\PSoC Creator\warp\lib\common\stdlogic\mod_cnst.vif'.
Linking 'C:\Program Files (x86)\Cypress\PSoC Creator\4.2\PSoC Creator\warp\lib\common\stdlogic\mod_mthv.vif'.
Linking 'C:\Program Files (x86)\Cypress\PSoC Creator\4.2\PSoC Creator\warp\lib\common\stdlogic\mod_genv.vif'.
Using control file 'EVE.ctl'.
Linking 'C:\Program Files (x86)\Cypress\PSoC Creator\4.2\PSoC Creator\warp\lib\common\stdlogic\cy_psoc3pkg.vif'.
Linking 'C:\Program Files (x86)\Cypress\PSoC Creator\4.2\PSoC Creator\warp\lib\common\stdlogic\cy_psoc3.vif'.

vlogfe:  No errors.


======================================================================
Compiling:  EVE.v
Program  :   tovif
Options  :    -yv2 -q10 -ygs -o2 -v3 -.fftcfgtype=LE -ya -.fftprj=C:\projekte\repo\HomeServer\Firmware\Cypress\HomeServer\EVE.cydsn\EVE.cyprj -dcpsoc3 -verilog EVE.v
======================================================================

tovif V6.3 IR 41:  High-level synthesis
Fri Jan 24 17:07:07 2020

Linking 'C:\Program Files (x86)\Cypress\PSoC Creator\4.2\PSoC Creator\warp\lib\common\std.vhd'.
Linking 'C:\Program Files (x86)\Cypress\PSoC Creator\4.2\PSoC Creator\warp\lib\common\cypress.vhd'.
Linking 'C:\Program Files (x86)\Cypress\PSoC Creator\4.2\PSoC Creator\warp\lib\common\work\cypress.vif'.
Linking 'C:\Program Files (x86)\Cypress\PSoC Creator\4.2\PSoC Creator\warp\lib\ieee\work\stdlogic.vif'.
Linking 'C:\Program Files (x86)\Cypress\PSoC Creator\4.2\PSoC Creator\warp\lib\common\stdlogic\lpmpkg.vif'.
Linking 'C:\Program Files (x86)\Cypress\PSoC Creator\4.2\PSoC Creator\warp\lib\common\stdlogic\rtlpkg.vif'.
Linking 'C:\Program Files (x86)\Cypress\PSoC Creator\4.2\PSoC Creator\warp\lib\common\stdlogic\mod_cnst.vif'.
Linking 'C:\Program Files (x86)\Cypress\PSoC Creator\4.2\PSoC Creator\warp\lib\common\stdlogic\mod_mthv.vif'.
Linking 'C:\Program Files (x86)\Cypress\PSoC Creator\4.2\PSoC Creator\warp\lib\common\stdlogic\mod_genv.vif'.
Linking 'C:\projekte\repo\HomeServer\Firmware\Cypress\HomeServer\EVE.cydsn\codegentemp\EVE.ctl'.
Linking 'C:\Program Files (x86)\Cypress\PSoC Creator\4.2\PSoC Creator\psoc\content\CyPrimitives\cyprimitives.cylib\cy_virtualmux_v1_0\cy_virtualmux_v1_0.v'.
Linking 'C:\projekte\repo\HomeServer\Firmware\Cypress\HomeServer\EVE.cydsn\codegentemp\EVE.v'.
Linking 'C:\Program Files (x86)\Cypress\PSoC Creator\4.2\PSoC Creator\psoc\content\CyComponentLibrary\CyComponentLibrary.cylib\B_SPI_Master_v2_50\B_SPI_Master_v2_50.v'.
Linking 'C:\Program Files (x86)\Cypress\PSoC Creator\4.2\PSoC Creator\warp\lib\common\cypress.v'.
Linking 'C:\Program Files (x86)\Cypress\PSoC Creator\4.2\PSoC Creator\warp\lib\common\cy_psoc3_inc.v'.
Linking 'C:\Program Files (x86)\Cypress\PSoC Creator\4.2\PSoC Creator\psoc\content\CyPrimitives\cyprimitives.cylib\ZeroTerminal\ZeroTerminal.v'.
Linking 'C:\Program Files (x86)\Cypress\PSoC Creator\4.2\PSoC Creator\warp\lib\common\stdlogic\cy_psoc3pkg.vif'.
Linking 'C:\Program Files (x86)\Cypress\PSoC Creator\4.2\PSoC Creator\warp\lib\common\stdlogic\cy_psoc3.vif'.

tovif:  No errors.


======================================================================
Compiling:  EVE.v
Program  :   topld
Options  :    -yv2 -q10 -ygs -o2 -v3 -.fftcfgtype=LE -ya -.fftprj=C:\projekte\repo\HomeServer\Firmware\Cypress\HomeServer\EVE.cydsn\EVE.cyprj -dcpsoc3 -verilog EVE.v
======================================================================

topld V6.3 IR 41:  Synthesis and optimization
Fri Jan 24 17:07:08 2020

Linking 'C:\Program Files (x86)\Cypress\PSoC Creator\4.2\PSoC Creator\warp\lib\common\std.vhd'.
Linking 'C:\Program Files (x86)\Cypress\PSoC Creator\4.2\PSoC Creator\warp\lib\common\cypress.vhd'.
Linking 'C:\Program Files (x86)\Cypress\PSoC Creator\4.2\PSoC Creator\warp\lib\common\work\cypress.vif'.
Linking 'C:\Program Files (x86)\Cypress\PSoC Creator\4.2\PSoC Creator\warp\lib\ieee\work\stdlogic.vif'.
Linking 'C:\Program Files (x86)\Cypress\PSoC Creator\4.2\PSoC Creator\warp\lib\common\stdlogic\lpmpkg.vif'.
Linking 'C:\Program Files (x86)\Cypress\PSoC Creator\4.2\PSoC Creator\warp\lib\common\stdlogic\rtlpkg.vif'.
Linking 'C:\Program Files (x86)\Cypress\PSoC Creator\4.2\PSoC Creator\warp\lib\common\stdlogic\mod_cnst.vif'.
Linking 'C:\Program Files (x86)\Cypress\PSoC Creator\4.2\PSoC Creator\warp\lib\common\stdlogic\mod_mthv.vif'.
Linking 'C:\Program Files (x86)\Cypress\PSoC Creator\4.2\PSoC Creator\warp\lib\common\stdlogic\mod_genv.vif'.
Linking 'C:\projekte\repo\HomeServer\Firmware\Cypress\HomeServer\EVE.cydsn\codegentemp\EVE.ctl'.
Linking 'C:\Program Files (x86)\Cypress\PSoC Creator\4.2\PSoC Creator\psoc\content\CyPrimitives\cyprimitives.cylib\cy_virtualmux_v1_0\cy_virtualmux_v1_0.v'.
Linking 'C:\projekte\repo\HomeServer\Firmware\Cypress\HomeServer\EVE.cydsn\codegentemp\EVE.v'.
Linking 'C:\Program Files (x86)\Cypress\PSoC Creator\4.2\PSoC Creator\psoc\content\CyComponentLibrary\CyComponentLibrary.cylib\B_SPI_Master_v2_50\B_SPI_Master_v2_50.v'.
Linking 'C:\Program Files (x86)\Cypress\PSoC Creator\4.2\PSoC Creator\warp\lib\common\cypress.v'.
Linking 'C:\Program Files (x86)\Cypress\PSoC Creator\4.2\PSoC Creator\warp\lib\common\cy_psoc3_inc.v'.
Linking 'C:\Program Files (x86)\Cypress\PSoC Creator\4.2\PSoC Creator\psoc\content\CyPrimitives\cyprimitives.cylib\ZeroTerminal\ZeroTerminal.v'.
Linking 'C:\Program Files (x86)\Cypress\PSoC Creator\4.2\PSoC Creator\warp\lib\common\stdlogic\cy_psoc3pkg.vif'.
Linking 'C:\Program Files (x86)\Cypress\PSoC Creator\4.2\PSoC Creator\warp\lib\common\stdlogic\cy_psoc3.vif'.
Linking 'C:\Program Files (x86)\Cypress\PSoC Creator\4.2\PSoC Creator\warp\lib\lcpsoc3\stdlogic\cpsoc3.vif'.

----------------------------------------------------------
Detecting unused logic.
----------------------------------------------------------
    User names
	\SPI_EVE:BSPIM:mosi_after_ld\
	\SPI_EVE:BSPIM:so_send\
	\SPI_EVE:BSPIM:mosi_fin\
	\SPI_EVE:BSPIM:mosi_cpha_0\
	\SPI_EVE:BSPIM:mosi_cpha_1\
	\SPI_EVE:BSPIM:pre_mosi\
	\SPI_EVE:BSPIM:dpcounter_zero\
	\SPI_EVE:BSPIM:control_7\
	\SPI_EVE:BSPIM:control_6\
	\SPI_EVE:BSPIM:control_5\
	\SPI_EVE:BSPIM:control_4\
	\SPI_EVE:BSPIM:control_3\
	\SPI_EVE:BSPIM:control_2\
	\SPI_EVE:BSPIM:control_1\
	\SPI_EVE:BSPIM:control_0\
	\SPI_EVE:Net_294\


Deleted 16 User equations/components.
Deleted 0 Synthesized equations/components.

------------------------------------------------------
Alias Detection
------------------------------------------------------
Aliasing \SPI_EVE:BSPIM:pol_supprt\ to one
Aliasing \SPI_EVE:BSPIM:tx_status_3\ to \SPI_EVE:BSPIM:load_rx_data\
Aliasing \SPI_EVE:BSPIM:tx_status_5\ to \SPI_EVE:BSPIM:tx_status_6\
Aliasing \SPI_EVE:BSPIM:rx_status_3\ to \SPI_EVE:BSPIM:tx_status_6\
Aliasing \SPI_EVE:BSPIM:rx_status_2\ to \SPI_EVE:BSPIM:tx_status_6\
Aliasing \SPI_EVE:BSPIM:rx_status_1\ to \SPI_EVE:BSPIM:tx_status_6\
Aliasing \SPI_EVE:BSPIM:rx_status_0\ to \SPI_EVE:BSPIM:tx_status_6\
Aliasing zero to \SPI_EVE:BSPIM:tx_status_6\
Aliasing \SPI_EVE:Net_289\ to \SPI_EVE:BSPIM:tx_status_6\
Aliasing tmpOE__MISO_EVE_net_0 to one
Aliasing tmpOE__MOSI_EVE_net_0 to one
Aliasing tmpOE__SCLK_EVE_net_0 to one
Aliasing tmpOE__nPD_EVE_net_0 to one
Aliasing tmpOE__SS_EVE_net_0 to one
Aliasing \SPI_EVE:BSPIM:so_send_reg\\D\ to \SPI_EVE:BSPIM:tx_status_6\
Aliasing \SPI_EVE:BSPIM:mosi_pre_reg\\D\ to \SPI_EVE:BSPIM:tx_status_6\
Aliasing \SPI_EVE:BSPIM:dpcounter_one_reg\\D\ to \SPI_EVE:BSPIM:load_rx_data\
Removing Lhs of wire \SPI_EVE:Net_276\[0] = Net_5[1]
Removing Rhs of wire \SPI_EVE:BSPIM:load_rx_data\[5] = \SPI_EVE:BSPIM:dpcounter_one\[6]
Removing Lhs of wire \SPI_EVE:BSPIM:pol_supprt\[7] = one[3]
Removing Lhs of wire \SPI_EVE:BSPIM:miso_to_dp\[8] = \SPI_EVE:Net_244\[9]
Removing Lhs of wire \SPI_EVE:Net_244\[9] = Net_4[103]
Removing Rhs of wire Net_11[13] = \SPI_EVE:BSPIM:mosi_reg\[14]
Removing Rhs of wire \SPI_EVE:BSPIM:tx_status_1\[36] = \SPI_EVE:BSPIM:dpMOSI_fifo_empty\[37]
Removing Rhs of wire \SPI_EVE:BSPIM:tx_status_2\[38] = \SPI_EVE:BSPIM:dpMOSI_fifo_not_full\[39]
Removing Lhs of wire \SPI_EVE:BSPIM:tx_status_3\[40] = \SPI_EVE:BSPIM:load_rx_data\[5]
Removing Rhs of wire \SPI_EVE:BSPIM:rx_status_4\[42] = \SPI_EVE:BSPIM:dpMISO_fifo_full\[43]
Removing Rhs of wire \SPI_EVE:BSPIM:rx_status_5\[44] = \SPI_EVE:BSPIM:dpMISO_fifo_not_empty\[45]
Removing Lhs of wire \SPI_EVE:BSPIM:tx_status_5\[48] = \SPI_EVE:BSPIM:tx_status_6\[47]
Removing Lhs of wire \SPI_EVE:BSPIM:rx_status_3\[49] = \SPI_EVE:BSPIM:tx_status_6\[47]
Removing Lhs of wire \SPI_EVE:BSPIM:rx_status_2\[50] = \SPI_EVE:BSPIM:tx_status_6\[47]
Removing Lhs of wire \SPI_EVE:BSPIM:rx_status_1\[51] = \SPI_EVE:BSPIM:tx_status_6\[47]
Removing Lhs of wire \SPI_EVE:BSPIM:rx_status_0\[52] = \SPI_EVE:BSPIM:tx_status_6\[47]
Removing Rhs of wire \SPI_EVE:Net_273\[62] = \SPI_EVE:BSPIM:tx_status_6\[47]
Removing Rhs of wire zero[67] = \SPI_EVE:Net_273\[62]
Removing Lhs of wire \SPI_EVE:Net_289\[104] = zero[67]
Removing Lhs of wire tmpOE__MISO_EVE_net_0[106] = one[3]
Removing Lhs of wire tmpOE__MOSI_EVE_net_0[111] = one[3]
Removing Lhs of wire tmpOE__SCLK_EVE_net_0[117] = one[3]
Removing Lhs of wire tmpOE__nPD_EVE_net_0[123] = one[3]
Removing Lhs of wire tmpOE__SS_EVE_net_0[129] = one[3]
Removing Lhs of wire \SPI_EVE:BSPIM:so_send_reg\\D\[156] = zero[67]
Removing Lhs of wire \SPI_EVE:BSPIM:mosi_pre_reg\\D\[162] = zero[67]
Removing Lhs of wire \SPI_EVE:BSPIM:dpcounter_one_reg\\D\[164] = \SPI_EVE:BSPIM:load_rx_data\[5]
Removing Lhs of wire \SPI_EVE:BSPIM:mosi_from_dp_reg\\D\[165] = \SPI_EVE:BSPIM:mosi_from_dp\[20]

------------------------------------------------------
Aliased 0 equations, 28 wires.
------------------------------------------------------

----------------------------------------------------------
Circuit simplification
----------------------------------------------------------

Substituting virtuals - pass 1:

Note:  Expanding virtual equation for 'one' (cost = 0):
one <=  ('1') ;

Note:  Expanding virtual equation for '\SPI_EVE:BSPIM:load_rx_data\' (cost = 1):
\SPI_EVE:BSPIM:load_rx_data\ <= ((not \SPI_EVE:BSPIM:count_4\ and not \SPI_EVE:BSPIM:count_3\ and not \SPI_EVE:BSPIM:count_2\ and not \SPI_EVE:BSPIM:count_1\ and \SPI_EVE:BSPIM:count_0\));

Note:  Expanding virtual equation for 'zero' (cost = 0):
zero <=  ('0') ;


Substituting virtuals - pass 2:


----------------------------------------------------------
Circuit simplification results:

	Expanded 3 signals.
	Turned 0 signals into soft nodes.
	Maximum default expansion cost was set at 3.
----------------------------------------------------------

------------------------------------------------------
Alias Detection
------------------------------------------------------

------------------------------------------------------
Aliased 0 equations, 0 wires.
------------------------------------------------------

Last attempt to remove unused logic - pass 1:


Last attempt to remove unused logic - pass 2:


topld:  No errors.

CYPRESS_DIR    : C:\Program Files (x86)\Cypress\PSoC Creator\4.2\PSoC Creator\warp
Warp Program   : C:\Program Files (x86)\Cypress\PSoC Creator\4.2\PSoC Creator\warp\bin\warp.exe
Warp Arguments : -yv2 -q10 -ygs -o2 -v3 -.fftcfgtype=LE -ya -.fftprj=C:\projekte\repo\HomeServer\Firmware\Cypress\HomeServer\EVE.cydsn\EVE.cyprj -dcpsoc3 EVE.v -verilog
</CYPRESSTAG>
Warp synthesis phase: Elapsed time ==> 0s.531ms
<CYPRESSTAG name="Fitter results...">
<CYPRESSTAG name="Fitter startup details...">
cyp3fit: V4.2.0.641, Family: PSoC3, Started at: Friday, 24 January 2020 17:07:08
Options: -yv2 -q10 -ygs -o2 -v3 -.fftcfgtype=LE -ya -.fftprj=C:\projekte\repo\HomeServer\Firmware\Cypress\HomeServer\EVE.cydsn\EVE.cyprj -d CY8C5868AXI-LP035 EVE.v -verilog
</CYPRESSTAG>
<CYPRESSTAG name="Design parsing">
Design parsing phase: Elapsed time ==> 0s.000ms
</CYPRESSTAG>
<CYPRESSTAG name="Tech Mapping">
<CYPRESSTAG name="Initial Mapping" icon="FILE_RPT_TECHM">
    Converted constant MacroCell: \SPI_EVE:BSPIM:so_send_reg\ from registered to combinatorial
    Converted constant MacroCell: \SPI_EVE:BSPIM:mosi_pre_reg\ from registered to combinatorial
<CYPRESSTAG name="Global Clock Selection" icon="FILE_RPT_TECHM">
    Digital Clock 0: Automatic-assigning  clock 'Clock_1'. Fanout=1, Signal=Net_5
</CYPRESSTAG>

Removing unused cells resulting from optimization
Done removing unused cells.
<CYPRESSTAG name="UDB Clock/Enable Remapping Results">
    UDB Clk/Enable \SPI_EVE:BSPIM:ClkEn\: with output requested to be synchronous
        ClockIn: Clock_1 was determined to be a global clock that is synchronous to BUS_CLK
        EnableIn: Constant 1 was determined to be synchronous to ClockIn
        ClockOut: Clock_1, EnableOut: Constant 1
</CYPRESSTAG>

Removing unused cells resulting from optimization
Done removing unused cells.
<CYPRESSTAG name="Duplicate Macrocell detection">
</CYPRESSTAG>
</CYPRESSTAG>
<CYPRESSTAG name="Duplicate Macrocell detection">
</CYPRESSTAG>
<CYPRESSTAG name="Design Equations" icon="FILE_RPT_EQUATION">

------------------------------------------------------------
Design Equations
------------------------------------------------------------
    <CYPRESSTAG name="Pin listing">

    ------------------------------------------------------------
    Pin listing
    ------------------------------------------------------------

    Pin : Name = MISO_EVE(0)
        Attributes:
            In Group/Port: True
            In Sync Option: NOSYNC
            Out Sync Option: AUTO
            Interrupt generated: False
            Interrupt mode: NONE
            Drive mode: HI_Z_DIGITAL
            VTrip: CMOS
            Slew: FAST
            Input Sync needed: False
            Output Sync needed: False
            SC shield enabled: False
            POR State: ANY
            LCD Mode: COMMON
            Register Mode: RegComb
            CaSense Mode: NEITHER
            Treat as pin: True
            Is OE Registered: False
            Uses Analog: False
            Can contain Digital: True
            Is SIO: False
            SIO Output Buf: NONREGULATED
            SIO Input Buf: SINGLE_ENDED
            SIO HiFreq: LOW
            SIO Hyst: DISABLED
            SIO Vtrip: MULTIPLIER_0_5
            SIO Multiplier Index: 0
            SIO RefSel: VCC_IO
            Required Capabilities: DIGITAL, ROUTABLE
            Initial Value: 0
            IO Voltage: 0
        PORT MAP (
            pa_out => MISO_EVE(0)__PA ,
            fb => Net_4 ,
            pad => MISO_EVE(0)_PAD );
        Properties:
        {
        }

    Pin : Name = MOSI_EVE(0)
        Attributes:
            In Group/Port: True
            In Sync Option: AUTO
            Out Sync Option: NOSYNC
            Interrupt generated: False
            Interrupt mode: NONE
            Drive mode: CMOS_OUT
            VTrip: EITHER
            Slew: FAST
            Input Sync needed: False
            Output Sync needed: False
            SC shield enabled: False
            POR State: ANY
            LCD Mode: COMMON
            Register Mode: RegComb
            CaSense Mode: NEITHER
            Treat as pin: True
            Is OE Registered: False
            Uses Analog: False
            Can contain Digital: True
            Is SIO: False
            SIO Output Buf: NONREGULATED
            SIO Input Buf: SINGLE_ENDED
            SIO HiFreq: LOW
            SIO Hyst: DISABLED
            SIO Vtrip: MULTIPLIER_0_5
            SIO Multiplier Index: 0
            SIO RefSel: VCC_IO
            Required Capabilities: DIGITAL, ROUTABLE
            Initial Value: 0
            IO Voltage: 0
        PORT MAP (
            pa_out => MOSI_EVE(0)__PA ,
            pin_input => Net_11 ,
            pad => MOSI_EVE(0)_PAD );
        Properties:
        {
        }

    Pin : Name = SCLK_EVE(0)
        Attributes:
            In Group/Port: True
            In Sync Option: AUTO
            Out Sync Option: NOSYNC
            Interrupt generated: False
            Interrupt mode: NONE
            Drive mode: CMOS_OUT
            VTrip: EITHER
            Slew: FAST
            Input Sync needed: False
            Output Sync needed: False
            SC shield enabled: False
            POR State: ANY
            LCD Mode: COMMON
            Register Mode: RegComb
            CaSense Mode: NEITHER
            Treat as pin: True
            Is OE Registered: False
            Uses Analog: False
            Can contain Digital: True
            Is SIO: False
            SIO Output Buf: NONREGULATED
            SIO Input Buf: SINGLE_ENDED
            SIO HiFreq: LOW
            SIO Hyst: DISABLED
            SIO Vtrip: MULTIPLIER_0_5
            SIO Multiplier Index: 0
            SIO RefSel: VCC_IO
            Required Capabilities: DIGITAL, ROUTABLE
            Initial Value: 0
            IO Voltage: 0
        PORT MAP (
            pa_out => SCLK_EVE(0)__PA ,
            pin_input => Net_12 ,
            pad => SCLK_EVE(0)_PAD );
        Properties:
        {
        }

    Pin : Name = nPD_EVE(0)
        Attributes:
            In Group/Port: True
            In Sync Option: AUTO
            Out Sync Option: NOSYNC
            Interrupt generated: False
            Interrupt mode: NONE
            Drive mode: CMOS_OUT
            VTrip: EITHER
            Slew: FAST
            Input Sync needed: False
            Output Sync needed: False
            SC shield enabled: False
            POR State: ANY
            LCD Mode: COMMON
            Register Mode: RegComb
            CaSense Mode: NEITHER
            Treat as pin: True
            Is OE Registered: False
            Uses Analog: False
            Can contain Digital: True
            Is SIO: False
            SIO Output Buf: NONREGULATED
            SIO Input Buf: SINGLE_ENDED
            SIO HiFreq: LOW
            SIO Hyst: DISABLED
            SIO Vtrip: MULTIPLIER_0_5
            SIO Multiplier Index: 0
            SIO RefSel: VCC_IO
            Required Capabilities: DIGITAL
            Initial Value: 0
            IO Voltage: 0
        PORT MAP (
            pa_out => nPD_EVE(0)__PA ,
            pad => nPD_EVE(0)_PAD );
        Properties:
        {
        }

    Pin : Name = SS_EVE(0)
        Attributes:
            In Group/Port: True
            In Sync Option: AUTO
            Out Sync Option: NOSYNC
            Interrupt generated: False
            Interrupt mode: NONE
            Drive mode: CMOS_OUT
            VTrip: EITHER
            Slew: FAST
            Input Sync needed: False
            Output Sync needed: False
            SC shield enabled: False
            POR State: ANY
            LCD Mode: COMMON
            Register Mode: RegComb
            CaSense Mode: NEITHER
            Treat as pin: True
            Is OE Registered: False
            Uses Analog: False
            Can contain Digital: True
            Is SIO: False
            SIO Output Buf: NONREGULATED
            SIO Input Buf: SINGLE_ENDED
            SIO HiFreq: LOW
            SIO Hyst: DISABLED
            SIO Vtrip: MULTIPLIER_0_5
            SIO Multiplier Index: 0
            SIO RefSel: VCC_IO
            Required Capabilities: DIGITAL
            Initial Value: 0
            IO Voltage: 0
        PORT MAP (
            pa_out => SS_EVE(0)__PA ,
            pad => SS_EVE(0)_PAD );
        Properties:
        {
        }
    </CYPRESSTAG>
    <CYPRESSTAG name="Macrocell listing" icon="FILE_RPT_EQUATION">

    ------------------------------------------------------------
    Macrocell listing
    ------------------------------------------------------------

    MacroCell: Name=\SPI_EVE:BSPIM:load_rx_data\, Mode=(Combinatorial)
        Total # of inputs        : 5
        Total # of product terms : 1
            Clock Enable: True
        Main Equation            : 1 pterm
        (
              !\SPI_EVE:BSPIM:count_4\ * !\SPI_EVE:BSPIM:count_3\ * 
              !\SPI_EVE:BSPIM:count_2\ * !\SPI_EVE:BSPIM:count_1\ * 
              \SPI_EVE:BSPIM:count_0\
        );
        Output = \SPI_EVE:BSPIM:load_rx_data\ (fanout=2)

    MacroCell: Name=\SPI_EVE:BSPIM:tx_status_0\, Mode=(Combinatorial)
        Total # of inputs        : 3
        Total # of product terms : 1
            Clock Enable: True
        Main Equation            : 1 pterm
        (
              \SPI_EVE:BSPIM:state_2\ * !\SPI_EVE:BSPIM:state_1\ * 
              \SPI_EVE:BSPIM:state_0\
        );
        Output = \SPI_EVE:BSPIM:tx_status_0\ (fanout=1)

    MacroCell: Name=\SPI_EVE:BSPIM:tx_status_4\, Mode=(Combinatorial)
        Total # of inputs        : 3
        Total # of product terms : 1
            Clock Enable: True
        Main Equation            : 1 pterm
        (
              !\SPI_EVE:BSPIM:state_2\ * !\SPI_EVE:BSPIM:state_1\ * 
              !\SPI_EVE:BSPIM:state_0\
        );
        Output = \SPI_EVE:BSPIM:tx_status_4\ (fanout=1)

    MacroCell: Name=\SPI_EVE:BSPIM:rx_status_6\, Mode=(Combinatorial)
        Total # of inputs        : 6
        Total # of product terms : 1
            Clock Enable: True
        Main Equation            : 1 pterm
        (
              !\SPI_EVE:BSPIM:count_4\ * !\SPI_EVE:BSPIM:count_3\ * 
              !\SPI_EVE:BSPIM:count_2\ * !\SPI_EVE:BSPIM:count_1\ * 
              \SPI_EVE:BSPIM:count_0\ * \SPI_EVE:BSPIM:rx_status_4\
        );
        Output = \SPI_EVE:BSPIM:rx_status_6\ (fanout=1)

    MacroCell: Name=Net_11, Mode=(D-Register)
        Total # of inputs        : 11
        Total # of product terms : 7
        List of special equations: 
            Clock  = (Net_5) => Global
            Clock Enable: True
        Main Equation            : 7 pterms
        !(
              !Net_11 * !\SPI_EVE:BSPIM:state_2\ * \SPI_EVE:BSPIM:state_0\
            + !\SPI_EVE:BSPIM:state_2\ * !\SPI_EVE:BSPIM:state_1\ * 
              !\SPI_EVE:BSPIM:state_0\
            + !\SPI_EVE:BSPIM:state_2\ * !\SPI_EVE:BSPIM:state_0\ * 
              !\SPI_EVE:BSPIM:count_4\ * !\SPI_EVE:BSPIM:count_3\ * 
              !\SPI_EVE:BSPIM:count_2\ * \SPI_EVE:BSPIM:count_1\ * 
              !\SPI_EVE:BSPIM:count_0\ * !\SPI_EVE:BSPIM:ld_ident\
            + \SPI_EVE:BSPIM:state_2\ * !\SPI_EVE:BSPIM:state_1\ * 
              \SPI_EVE:BSPIM:state_0\
            + \SPI_EVE:BSPIM:state_2\ * \SPI_EVE:BSPIM:state_1\ * 
              !\SPI_EVE:BSPIM:state_0\
            + \SPI_EVE:BSPIM:state_2\ * !\SPI_EVE:BSPIM:mosi_from_dp\
            + !\SPI_EVE:BSPIM:state_0\ * !\SPI_EVE:BSPIM:mosi_from_dp\
        );
        Output = Net_11 (fanout=2)

    MacroCell: Name=\SPI_EVE:BSPIM:state_2\, Mode=(D-Register)
        Total # of inputs        : 10
        Total # of product terms : 3
        List of special equations: 
            Clock  = (Net_5) => Global
            Clock Enable: True
        Main Equation            : 3 pterms
        (
              !\SPI_EVE:BSPIM:state_2\ * !\SPI_EVE:BSPIM:state_1\ * 
              \SPI_EVE:BSPIM:state_0\
            + !\SPI_EVE:BSPIM:state_2\ * \SPI_EVE:BSPIM:state_1\ * 
              !\SPI_EVE:BSPIM:state_0\ * !\SPI_EVE:BSPIM:count_4\ * 
              !\SPI_EVE:BSPIM:count_3\ * !\SPI_EVE:BSPIM:count_2\ * 
              \SPI_EVE:BSPIM:count_1\ * !\SPI_EVE:BSPIM:count_0\ * 
              !\SPI_EVE:BSPIM:ld_ident\
            + !\SPI_EVE:BSPIM:state_2\ * \SPI_EVE:BSPIM:state_0\ * 
              !\SPI_EVE:BSPIM:count_4\ * !\SPI_EVE:BSPIM:count_3\ * 
              \SPI_EVE:BSPIM:count_2\ * !\SPI_EVE:BSPIM:count_1\ * 
              \SPI_EVE:BSPIM:count_0\ * !\SPI_EVE:BSPIM:tx_status_1\
        );
        Output = \SPI_EVE:BSPIM:state_2\ (fanout=12)

    MacroCell: Name=\SPI_EVE:BSPIM:state_1\, Mode=(T-Register)
        Total # of inputs        : 10
        Total # of product terms : 4
        List of special equations: 
            Clock  = (Net_5) => Global
            Clock Enable: True
        Main Equation            : 4 pterms
        (
              !\SPI_EVE:BSPIM:state_2\ * !\SPI_EVE:BSPIM:state_1\ * 
              \SPI_EVE:BSPIM:state_0\
            + !\SPI_EVE:BSPIM:state_2\ * \SPI_EVE:BSPIM:state_0\ * 
              !\SPI_EVE:BSPIM:count_4\ * !\SPI_EVE:BSPIM:count_3\ * 
              \SPI_EVE:BSPIM:count_2\ * !\SPI_EVE:BSPIM:count_1\ * 
              \SPI_EVE:BSPIM:count_0\ * !\SPI_EVE:BSPIM:tx_status_1\
            + \SPI_EVE:BSPIM:state_2\ * !\SPI_EVE:BSPIM:state_0\
            + \SPI_EVE:BSPIM:state_1\ * !\SPI_EVE:BSPIM:state_0\ * 
              !\SPI_EVE:BSPIM:count_4\ * !\SPI_EVE:BSPIM:count_3\ * 
              !\SPI_EVE:BSPIM:count_2\ * \SPI_EVE:BSPIM:count_1\ * 
              !\SPI_EVE:BSPIM:count_0\ * !\SPI_EVE:BSPIM:ld_ident\
        );
        Output = \SPI_EVE:BSPIM:state_1\ (fanout=12)

    MacroCell: Name=\SPI_EVE:BSPIM:state_0\, Mode=(T-Register)
        Total # of inputs        : 4
        Total # of product terms : 3
        List of special equations: 
            Clock  = (Net_5) => Global
            Clock Enable: True
        Main Equation            : 3 pterms
        (
              !\SPI_EVE:BSPIM:state_2\ * \SPI_EVE:BSPIM:state_1\
            + \SPI_EVE:BSPIM:state_2\ * !\SPI_EVE:BSPIM:state_1\
            + !\SPI_EVE:BSPIM:state_1\ * !\SPI_EVE:BSPIM:state_0\ * 
              !\SPI_EVE:BSPIM:tx_status_1\
        );
        Output = \SPI_EVE:BSPIM:state_0\ (fanout=12)

    MacroCell: Name=Net_3, Mode=(D-Register)
        Total # of inputs        : 4
        Total # of product terms : 4
        List of special equations: 
            Clock  = (Net_5) => Global
            Clock Enable: True
        Main Equation            : 4 pterms
        !(
              !\SPI_EVE:BSPIM:state_2\ * !\SPI_EVE:BSPIM:state_1\ * 
              \SPI_EVE:BSPIM:state_0\
            + !\SPI_EVE:BSPIM:state_2\ * \SPI_EVE:BSPIM:state_1\ * !Net_3
            + \SPI_EVE:BSPIM:state_2\ * !\SPI_EVE:BSPIM:state_1\ * 
              !\SPI_EVE:BSPIM:state_0\ * !Net_3
            + \SPI_EVE:BSPIM:state_1\ * \SPI_EVE:BSPIM:state_0\ * !Net_3
        );
        Output = Net_3 (fanout=1)

    MacroCell: Name=\SPI_EVE:BSPIM:load_cond\, Mode=(T-Register)
        Total # of inputs        : 9
        Total # of product terms : 4
        List of special equations: 
            Clock  = (Net_5) => Global
            Clock Enable: True
        Main Equation            : 4 pterms
        (
              !\SPI_EVE:BSPIM:state_2\ * !\SPI_EVE:BSPIM:count_4\ * 
              !\SPI_EVE:BSPIM:count_3\ * !\SPI_EVE:BSPIM:count_2\ * 
              !\SPI_EVE:BSPIM:count_1\ * !\SPI_EVE:BSPIM:count_0\ * 
              \SPI_EVE:BSPIM:load_cond\
            + \SPI_EVE:BSPIM:state_2\ * !\SPI_EVE:BSPIM:state_1\ * 
              !\SPI_EVE:BSPIM:state_0\ * !\SPI_EVE:BSPIM:load_cond\
            + \SPI_EVE:BSPIM:state_1\ * !\SPI_EVE:BSPIM:count_4\ * 
              !\SPI_EVE:BSPIM:count_3\ * !\SPI_EVE:BSPIM:count_2\ * 
              !\SPI_EVE:BSPIM:count_1\ * !\SPI_EVE:BSPIM:count_0\ * 
              \SPI_EVE:BSPIM:load_cond\
            + \SPI_EVE:BSPIM:state_0\ * !\SPI_EVE:BSPIM:count_4\ * 
              !\SPI_EVE:BSPIM:count_3\ * !\SPI_EVE:BSPIM:count_2\ * 
              !\SPI_EVE:BSPIM:count_1\ * !\SPI_EVE:BSPIM:count_0\ * 
              \SPI_EVE:BSPIM:load_cond\
        );
        Output = \SPI_EVE:BSPIM:load_cond\ (fanout=1)

    MacroCell: Name=\SPI_EVE:BSPIM:ld_ident\, Mode=(T-Register)
        Total # of inputs        : 9
        Total # of product terms : 3
        List of special equations: 
            Clock  = (Net_5) => Global
            Clock Enable: True
        Main Equation            : 3 pterms
        (
              \SPI_EVE:BSPIM:state_2\ * !\SPI_EVE:BSPIM:state_1\ * 
              !\SPI_EVE:BSPIM:state_0\ * !\SPI_EVE:BSPIM:ld_ident\
            + \SPI_EVE:BSPIM:state_2\ * \SPI_EVE:BSPIM:state_1\ * 
              !\SPI_EVE:BSPIM:state_0\ * \SPI_EVE:BSPIM:ld_ident\
            + \SPI_EVE:BSPIM:state_1\ * !\SPI_EVE:BSPIM:state_0\ * 
              !\SPI_EVE:BSPIM:count_4\ * !\SPI_EVE:BSPIM:count_3\ * 
              !\SPI_EVE:BSPIM:count_2\ * \SPI_EVE:BSPIM:count_1\ * 
              !\SPI_EVE:BSPIM:count_0\ * \SPI_EVE:BSPIM:ld_ident\
        );
        Output = \SPI_EVE:BSPIM:ld_ident\ (fanout=4)

    MacroCell: Name=\SPI_EVE:BSPIM:cnt_enable\, Mode=(T-Register)
        Total # of inputs        : 4
        Total # of product terms : 4
        List of special equations: 
            Clock  = (Net_5) => Global
            Clock Enable: True
        Main Equation            : 4 pterms
        (
              !\SPI_EVE:BSPIM:state_2\ * !\SPI_EVE:BSPIM:state_1\ * 
              !\SPI_EVE:BSPIM:state_0\ * \SPI_EVE:BSPIM:cnt_enable\
            + !\SPI_EVE:BSPIM:state_2\ * \SPI_EVE:BSPIM:state_1\ * 
              \SPI_EVE:BSPIM:state_0\ * !\SPI_EVE:BSPIM:cnt_enable\
            + \SPI_EVE:BSPIM:state_2\ * !\SPI_EVE:BSPIM:state_1\ * 
              \SPI_EVE:BSPIM:state_0\ * \SPI_EVE:BSPIM:cnt_enable\
            + \SPI_EVE:BSPIM:state_2\ * \SPI_EVE:BSPIM:state_1\ * 
              !\SPI_EVE:BSPIM:state_0\ * \SPI_EVE:BSPIM:cnt_enable\
        );
        Output = \SPI_EVE:BSPIM:cnt_enable\ (fanout=2)

    MacroCell: Name=Net_12, Mode=(D-Register)
        Total # of inputs        : 4
        Total # of product terms : 2
        List of special equations: 
            Clock  = (Net_5) => Global
            Clock Enable: True
        Main Equation            : 2 pterms
        !(
              !\SPI_EVE:BSPIM:state_2\ * \SPI_EVE:BSPIM:state_1\ * 
              \SPI_EVE:BSPIM:state_0\
            + \SPI_EVE:BSPIM:state_1\ * \SPI_EVE:BSPIM:state_0\ * !Net_12
        );
        Output = Net_12 (fanout=2)
    </CYPRESSTAG>
    <CYPRESSTAG name="Datapath listing">

    ------------------------------------------------------------
    Datapath listing
    ------------------------------------------------------------

    datapathcell: Name =\SPI_EVE:BSPIM:sR8:Dp:u0\
        PORT MAP (
            clock => Net_5 ,
            cs_addr_2 => \SPI_EVE:BSPIM:state_2\ ,
            cs_addr_1 => \SPI_EVE:BSPIM:state_1\ ,
            cs_addr_0 => \SPI_EVE:BSPIM:state_0\ ,
            route_si => Net_4 ,
            f1_load => \SPI_EVE:BSPIM:load_rx_data\ ,
            so_comb => \SPI_EVE:BSPIM:mosi_from_dp\ ,
            f0_bus_stat_comb => \SPI_EVE:BSPIM:tx_status_2\ ,
            f0_blk_stat_comb => \SPI_EVE:BSPIM:tx_status_1\ ,
            f1_bus_stat_comb => \SPI_EVE:BSPIM:rx_status_5\ ,
            f1_blk_stat_comb => \SPI_EVE:BSPIM:rx_status_4\ );
        Properties:
        {
            a0_init = "00000000"
            a1_init = "00000000"
            ce0_sync = 1
            ce1_sync = 1
            cl0_sync = 1
            cl1_sync = 1
            cmsb_sync = 1
            co_msb_sync = 1
            cy_dpconfig = "0000000000000000000000001100000000000001010000000001000100010000000000011100000000010001000000000000000101000000000000010100000011111111000000001111111111111111000000000010001000001000111100000000000000000100"
            d0_init = "00000000"
            d1_init = "00000000"
            f0_blk_sync = 1
            f0_bus_sync = 1
            f1_blk_sync = 1
            f1_bus_sync = 1
            ff0_sync = 1
            ff1_sync = 1
            ov_msb_sync = 1
            so_sync = 1
            z0_sync = 1
            z1_sync = 1
        }
        Clock Polarity: Active High
        Clock Enable: True
    </CYPRESSTAG>
    <CYPRESSTAG name="Status register listing">
    </CYPRESSTAG>
    <CYPRESSTAG name="StatusI register listing">

    ------------------------------------------------------------
    StatusI register listing
    ------------------------------------------------------------

    statusicell: Name =\SPI_EVE:BSPIM:TxStsReg\
        PORT MAP (
            clock => Net_5 ,
            status_4 => \SPI_EVE:BSPIM:tx_status_4\ ,
            status_3 => \SPI_EVE:BSPIM:load_rx_data\ ,
            status_2 => \SPI_EVE:BSPIM:tx_status_2\ ,
            status_1 => \SPI_EVE:BSPIM:tx_status_1\ ,
            status_0 => \SPI_EVE:BSPIM:tx_status_0\ );
        Properties:
        {
            cy_force_order = 1
            cy_int_mask = "0000000"
            cy_md_select = "0001001"
        }
        Clock Polarity: Active High
        Clock Enable: True

    statusicell: Name =\SPI_EVE:BSPIM:RxStsReg\
        PORT MAP (
            clock => Net_5 ,
            status_6 => \SPI_EVE:BSPIM:rx_status_6\ ,
            status_5 => \SPI_EVE:BSPIM:rx_status_5\ ,
            status_4 => \SPI_EVE:BSPIM:rx_status_4\ );
        Properties:
        {
            cy_force_order = 1
            cy_int_mask = "0000000"
            cy_md_select = "1000000"
        }
        Clock Polarity: Active High
        Clock Enable: True
    </CYPRESSTAG>
    <CYPRESSTAG name="Sync listing">
    </CYPRESSTAG>
    <CYPRESSTAG name="Control register listing">
    </CYPRESSTAG>
    <CYPRESSTAG name="Count7 listing">

    ------------------------------------------------------------
    Count7 listing
    ------------------------------------------------------------

    count7cell: Name =\SPI_EVE:BSPIM:BitCounter\
        PORT MAP (
            clock => Net_5 ,
            enable => \SPI_EVE:BSPIM:cnt_enable\ ,
            count_6 => \SPI_EVE:BSPIM:count_6\ ,
            count_5 => \SPI_EVE:BSPIM:count_5\ ,
            count_4 => \SPI_EVE:BSPIM:count_4\ ,
            count_3 => \SPI_EVE:BSPIM:count_3\ ,
            count_2 => \SPI_EVE:BSPIM:count_2\ ,
            count_1 => \SPI_EVE:BSPIM:count_1\ ,
            count_0 => \SPI_EVE:BSPIM:count_0\ ,
            tc => \SPI_EVE:BSPIM:cnt_tc\ );
        Properties:
        {
            cy_alt_mode = 0
            cy_init_value = "0000000"
            cy_period = "0001111"
            cy_route_en = 1
            cy_route_ld = 0
        }
        Clock Polarity: Active High
        Clock Enable: True
    </CYPRESSTAG>
    <CYPRESSTAG name="DRQ listing">
    </CYPRESSTAG>
    <CYPRESSTAG name="Interrupt listing">
    </CYPRESSTAG>
</CYPRESSTAG>
<CYPRESSTAG name="Technology mapping summary" expanded>

------------------------------------------------------------
Technology mapping summary
------------------------------------------------------------

Resource Type                 : Used : Free :  Max :  % Used
============================================================
Digital Clocks                :    1 :    7 :    8 : 12.50 %
Analog Clocks                 :    0 :    4 :    4 :  0.00 %
CapSense Buffers              :    0 :    2 :    2 :  0.00 %
Digital Filter Block          :    0 :    1 :    1 :  0.00 %
Interrupts                    :    0 :   32 :   32 :  0.00 %
IO                            :    8 :   64 :   72 : 11.11 %
Segment LCD                   :    0 :    1 :    1 :  0.00 %
CAN 2.0b                      :    0 :    1 :    1 :  0.00 %
I2C                           :    0 :    1 :    1 :  0.00 %
USB                           :    0 :    1 :    1 :  0.00 %
DMA Channels                  :    0 :   24 :   24 :  0.00 %
Timer                         :    0 :    4 :    4 :  0.00 %
UDB                           :      :      :      :        
  Macrocells                  :   13 :  179 :  192 :  6.77 %
  Unique P-terms              :   33 :  351 :  384 :  8.59 %
  Total P-terms               :   38 :      :      :        
  Datapath Cells              :    1 :   23 :   24 :  4.17 %
  Status Cells                :    3 :   21 :   24 : 12.50 %
    StatusI Registers         :    2 :      :      :        
    Routed Count7 Load/Enable :    1 :      :      :        
  Control Cells               :    1 :   23 :   24 :  4.17 %
    Count7 Cells              :    1 :      :      :        
Opamp                         :    0 :    4 :    4 :  0.00 %
Comparator                    :    0 :    4 :    4 :  0.00 %
Delta-Sigma ADC               :    0 :    1 :    1 :  0.00 %
LPF                           :    0 :    2 :    2 :  0.00 %
SAR ADC                       :    0 :    2 :    2 :  0.00 %
Analog (SC/CT) Blocks         :    0 :    4 :    4 :  0.00 %
DAC                           :      :      :      :        
  VIDAC                       :    0 :    4 :    4 :  0.00 %
</CYPRESSTAG>
Technology Mapping: Elapsed time ==> 0s.203ms
Tech Mapping phase: Elapsed time ==> 0s.296ms
</CYPRESSTAG>
<CYPRESSTAG name="Analog Placement">
Initial Analog Placement Results:
IO_5@[IOP=(5)][IoId=(5)] : MISO_EVE(0) (fixed)
IO_2@[IOP=(5)][IoId=(2)] : MOSI_EVE(0) (fixed)
IO_4@[IOP=(5)][IoId=(4)] : SCLK_EVE(0) (fixed)
IO_3@[IOP=(5)][IoId=(3)] : SS_EVE(0) (fixed)
IO_1@[IOP=(5)][IoId=(1)] : nPD_EVE(0) (fixed)
Analog Placement phase: Elapsed time ==> 0s.015ms
</CYPRESSTAG>
<CYPRESSTAG name="Analog Routing">
Analog Routing phase: Elapsed time ==> 0s.000ms
</CYPRESSTAG>
<CYPRESSTAG name="Analog Code Generation">
============ Analog Final Answer Routes ============
Dump of CyAnalogRoutingResultsDB
Map of net to items {
}
Map of item to net {
}
Mux Info {
}
Dump of CyP35AnalogRoutingResultsDB
IsVddaHalfUsedForComp = False
IsVddaHalfUsedForSar0 = False
IsVddaHalfUsedForSar1 = False
Analog Code Generation phase: Elapsed time ==> 0s.265ms
</CYPRESSTAG>
<CYPRESSTAG name="Digital Placement">
<CYPRESSTAG name="Detailed placement messages">
I2076: Total run-time: 0.6 sec.

</CYPRESSTAG>
<CYPRESSTAG name="PLD Packing">
<CYPRESSTAG name="PLD Packing Summary" expanded>

------------------------------------------------------------
PLD Packing Summary
------------------------------------------------------------
            Resource Type : Used : Free :  Max :  % Used
    ====================================================
                     PLDs :    5 :   43 :   48 :  10.42%

<CYPRESSTAG name="PLD Statistics">

        PLD Resource Type :     Average/LAB
    =======================================
                   Inputs :            8.20
                   Pterms :            6.80
               Macrocells :            2.60
</CYPRESSTAG>
<CYPRESSTAG name="Packed PLD Contents">
Packed PLD Contents not displayed at this verbose level.</CYPRESSTAG>
</CYPRESSTAG>
PLD Packing: Elapsed time ==> 0s.000ms
</CYPRESSTAG>
<CYPRESSTAG name="Partitioning">
<CYPRESSTAG name="Initial Partitioning Summary">
Initial Partitioning Summary not displayed at this verbose level.</CYPRESSTAG>
<CYPRESSTAG name="Final Partitioning Summary">
Final Partitioning Summary not displayed at this verbose level.</CYPRESSTAG>
Partitioning: Elapsed time ==> 0s.015ms
</CYPRESSTAG>
<CYPRESSTAG name="Final Placement Summary">

------------------------------------------------------------
Final Placement Summary
------------------------------------------------------------

       Resource Type :      Count : Avg Inputs : Avg Outputs
    ========================================================
                 UDB :          3 :       9.67 :       4.33
<CYPRESSTAG name="Final Placement Details">
<CYPRESSTAG name="Component Details">

------------------------------------------------------------
Component Placement Details
------------------------------------------------------------
UDB [UDB=(0,0)] contents:
LAB@[UDB=(0,0)][LB=0] #macrocells=3, #inputs=11, #pterms=8
{
    [McSlotId=0]:     MacroCell: Name=\SPI_EVE:BSPIM:load_cond\, Mode=(T-Register) @ [UDB=(0,0)][LB=0][MC=0]
        Total # of inputs        : 9
        Total # of product terms : 4
        List of special equations: 
            Clock  = (Net_5) => Global
            Clock Enable: True
        Main Equation            : 4 pterms
        (
              !\SPI_EVE:BSPIM:state_2\ * !\SPI_EVE:BSPIM:count_4\ * 
              !\SPI_EVE:BSPIM:count_3\ * !\SPI_EVE:BSPIM:count_2\ * 
              !\SPI_EVE:BSPIM:count_1\ * !\SPI_EVE:BSPIM:count_0\ * 
              \SPI_EVE:BSPIM:load_cond\
            + \SPI_EVE:BSPIM:state_2\ * !\SPI_EVE:BSPIM:state_1\ * 
              !\SPI_EVE:BSPIM:state_0\ * !\SPI_EVE:BSPIM:load_cond\
            + \SPI_EVE:BSPIM:state_1\ * !\SPI_EVE:BSPIM:count_4\ * 
              !\SPI_EVE:BSPIM:count_3\ * !\SPI_EVE:BSPIM:count_2\ * 
              !\SPI_EVE:BSPIM:count_1\ * !\SPI_EVE:BSPIM:count_0\ * 
              \SPI_EVE:BSPIM:load_cond\
            + \SPI_EVE:BSPIM:state_0\ * !\SPI_EVE:BSPIM:count_4\ * 
              !\SPI_EVE:BSPIM:count_3\ * !\SPI_EVE:BSPIM:count_2\ * 
              !\SPI_EVE:BSPIM:count_1\ * !\SPI_EVE:BSPIM:count_0\ * 
              \SPI_EVE:BSPIM:load_cond\
        );
        Output = \SPI_EVE:BSPIM:load_cond\ (fanout=1)
        Properties               : 
        {
        }

    [McSlotId=1]:     MacroCell: Name=\SPI_EVE:BSPIM:state_0\, Mode=(T-Register) @ [UDB=(0,0)][LB=0][MC=1]
        Total # of inputs        : 4
        Total # of product terms : 3
        List of special equations: 
            Clock  = (Net_5) => Global
            Clock Enable: True
        Main Equation            : 3 pterms
        (
              !\SPI_EVE:BSPIM:state_2\ * \SPI_EVE:BSPIM:state_1\
            + \SPI_EVE:BSPIM:state_2\ * !\SPI_EVE:BSPIM:state_1\
            + !\SPI_EVE:BSPIM:state_1\ * !\SPI_EVE:BSPIM:state_0\ * 
              !\SPI_EVE:BSPIM:tx_status_1\
        );
        Output = \SPI_EVE:BSPIM:state_0\ (fanout=12)
        Properties               : 
        {
        }

    [McSlotId=2]:     MacroCell: Name=\SPI_EVE:BSPIM:rx_status_6\, Mode=(Combinatorial) @ [UDB=(0,0)][LB=0][MC=2]
        Total # of inputs        : 6
        Total # of product terms : 1
            Clock Enable: True
        Main Equation            : 1 pterm
        (
              !\SPI_EVE:BSPIM:count_4\ * !\SPI_EVE:BSPIM:count_3\ * 
              !\SPI_EVE:BSPIM:count_2\ * !\SPI_EVE:BSPIM:count_1\ * 
              \SPI_EVE:BSPIM:count_0\ * \SPI_EVE:BSPIM:rx_status_4\
        );
        Output = \SPI_EVE:BSPIM:rx_status_6\ (fanout=1)
        Properties               : 
        {
        }

    [McSlotId=3]: (empty)
}

LAB@[UDB=(0,0)][LB=1] #macrocells=2, #inputs=5, #pterms=6
{
    [McSlotId=0]:     MacroCell: Name=Net_3, Mode=(D-Register) @ [UDB=(0,0)][LB=1][MC=0]
        Total # of inputs        : 4
        Total # of product terms : 4
        List of special equations: 
            Clock  = (Net_5) => Global
            Clock Enable: True
        Main Equation            : 4 pterms
        !(
              !\SPI_EVE:BSPIM:state_2\ * !\SPI_EVE:BSPIM:state_1\ * 
              \SPI_EVE:BSPIM:state_0\
            + !\SPI_EVE:BSPIM:state_2\ * \SPI_EVE:BSPIM:state_1\ * !Net_3
            + \SPI_EVE:BSPIM:state_2\ * !\SPI_EVE:BSPIM:state_1\ * 
              !\SPI_EVE:BSPIM:state_0\ * !Net_3
            + \SPI_EVE:BSPIM:state_1\ * \SPI_EVE:BSPIM:state_0\ * !Net_3
        );
        Output = Net_3 (fanout=1)
        Properties               : 
        {
        }

    [McSlotId=1]:     MacroCell: Name=Net_12, Mode=(D-Register) @ [UDB=(0,0)][LB=1][MC=1]
        Total # of inputs        : 4
        Total # of product terms : 2
        List of special equations: 
            Clock  = (Net_5) => Global
            Clock Enable: True
        Main Equation            : 2 pterms
        !(
              !\SPI_EVE:BSPIM:state_2\ * \SPI_EVE:BSPIM:state_1\ * 
              \SPI_EVE:BSPIM:state_0\
            + \SPI_EVE:BSPIM:state_1\ * \SPI_EVE:BSPIM:state_0\ * !Net_12
        );
        Output = Net_12 (fanout=2)
        Properties               : 
        {
        }

    [McSlotId=2]: (empty)
    [McSlotId=3]: (empty)
}

statusicell: Name =\SPI_EVE:BSPIM:RxStsReg\
    PORT MAP (
        clock => Net_5 ,
        status_6 => \SPI_EVE:BSPIM:rx_status_6\ ,
        status_5 => \SPI_EVE:BSPIM:rx_status_5\ ,
        status_4 => \SPI_EVE:BSPIM:rx_status_4\ );
    Properties:
    {
        cy_force_order = 1
        cy_int_mask = "0000000"
        cy_md_select = "1000000"
    }
    Clock Polarity: Active High
    Clock Enable: True

UDB [UDB=(0,1)] contents:
LAB@[UDB=(0,1)][LB=0] #macrocells=4, #inputs=11, #pterms=8
{
    [McSlotId=0]:     MacroCell: Name=Net_11, Mode=(D-Register) @ [UDB=(0,1)][LB=0][MC=0]
        Total # of inputs        : 11
        Total # of product terms : 7
        List of special equations: 
            Clock  = (Net_5) => Global
            Clock Enable: True
        Main Equation            : 7 pterms
        !(
              !Net_11 * !\SPI_EVE:BSPIM:state_2\ * \SPI_EVE:BSPIM:state_0\
            + !\SPI_EVE:BSPIM:state_2\ * !\SPI_EVE:BSPIM:state_1\ * 
              !\SPI_EVE:BSPIM:state_0\
            + !\SPI_EVE:BSPIM:state_2\ * !\SPI_EVE:BSPIM:state_0\ * 
              !\SPI_EVE:BSPIM:count_4\ * !\SPI_EVE:BSPIM:count_3\ * 
              !\SPI_EVE:BSPIM:count_2\ * \SPI_EVE:BSPIM:count_1\ * 
              !\SPI_EVE:BSPIM:count_0\ * !\SPI_EVE:BSPIM:ld_ident\
            + \SPI_EVE:BSPIM:state_2\ * !\SPI_EVE:BSPIM:state_1\ * 
              \SPI_EVE:BSPIM:state_0\
            + \SPI_EVE:BSPIM:state_2\ * \SPI_EVE:BSPIM:state_1\ * 
              !\SPI_EVE:BSPIM:state_0\
            + \SPI_EVE:BSPIM:state_2\ * !\SPI_EVE:BSPIM:mosi_from_dp\
            + !\SPI_EVE:BSPIM:state_0\ * !\SPI_EVE:BSPIM:mosi_from_dp\
        );
        Output = Net_11 (fanout=2)
        Properties               : 
        {
        }

    [McSlotId=1]:     MacroCell: Name=\SPI_EVE:BSPIM:load_rx_data\, Mode=(Combinatorial) @ [UDB=(0,1)][LB=0][MC=1]
        Total # of inputs        : 5
        Total # of product terms : 1
            Clock Enable: True
        Main Equation            : 1 pterm
        (
              !\SPI_EVE:BSPIM:count_4\ * !\SPI_EVE:BSPIM:count_3\ * 
              !\SPI_EVE:BSPIM:count_2\ * !\SPI_EVE:BSPIM:count_1\ * 
              \SPI_EVE:BSPIM:count_0\
        );
        Output = \SPI_EVE:BSPIM:load_rx_data\ (fanout=2)
        Properties               : 
        {
        }

    [McSlotId=2]:     MacroCell: Name=\SPI_EVE:BSPIM:tx_status_0\, Mode=(Combinatorial) @ [UDB=(0,1)][LB=0][MC=2]
        Total # of inputs        : 3
        Total # of product terms : 1
            Clock Enable: True
        Main Equation            : 1 pterm
        (
              \SPI_EVE:BSPIM:state_2\ * !\SPI_EVE:BSPIM:state_1\ * 
              \SPI_EVE:BSPIM:state_0\
        );
        Output = \SPI_EVE:BSPIM:tx_status_0\ (fanout=1)
        Properties               : 
        {
        }

    [McSlotId=3]:     MacroCell: Name=\SPI_EVE:BSPIM:tx_status_4\, Mode=(Combinatorial) @ [UDB=(0,1)][LB=0][MC=3]
        Total # of inputs        : 3
        Total # of product terms : 1
            Clock Enable: True
        Main Equation            : 1 pterm
        (
              !\SPI_EVE:BSPIM:state_2\ * !\SPI_EVE:BSPIM:state_1\ * 
              !\SPI_EVE:BSPIM:state_0\
        );
        Output = \SPI_EVE:BSPIM:tx_status_4\ (fanout=1)
        Properties               : 
        {
        }
}

LAB@[UDB=(0,1)][LB=1] #macrocells=3, #inputs=10, #pterms=8
{
    [McSlotId=0]:     MacroCell: Name=\SPI_EVE:BSPIM:state_1\, Mode=(T-Register) @ [UDB=(0,1)][LB=1][MC=0]
        Total # of inputs        : 10
        Total # of product terms : 4
        List of special equations: 
            Clock  = (Net_5) => Global
            Clock Enable: True
        Main Equation            : 4 pterms
        (
              !\SPI_EVE:BSPIM:state_2\ * !\SPI_EVE:BSPIM:state_1\ * 
              \SPI_EVE:BSPIM:state_0\
            + !\SPI_EVE:BSPIM:state_2\ * \SPI_EVE:BSPIM:state_0\ * 
              !\SPI_EVE:BSPIM:count_4\ * !\SPI_EVE:BSPIM:count_3\ * 
              \SPI_EVE:BSPIM:count_2\ * !\SPI_EVE:BSPIM:count_1\ * 
              \SPI_EVE:BSPIM:count_0\ * !\SPI_EVE:BSPIM:tx_status_1\
            + \SPI_EVE:BSPIM:state_2\ * !\SPI_EVE:BSPIM:state_0\
            + \SPI_EVE:BSPIM:state_1\ * !\SPI_EVE:BSPIM:state_0\ * 
              !\SPI_EVE:BSPIM:count_4\ * !\SPI_EVE:BSPIM:count_3\ * 
              !\SPI_EVE:BSPIM:count_2\ * \SPI_EVE:BSPIM:count_1\ * 
              !\SPI_EVE:BSPIM:count_0\ * !\SPI_EVE:BSPIM:ld_ident\
        );
        Output = \SPI_EVE:BSPIM:state_1\ (fanout=12)
        Properties               : 
        {
        }

    [McSlotId=1]:     MacroCell: Name=\SPI_EVE:BSPIM:state_2\, Mode=(D-Register) @ [UDB=(0,1)][LB=1][MC=1]
        Total # of inputs        : 10
        Total # of product terms : 3
        List of special equations: 
            Clock  = (Net_5) => Global
            Clock Enable: True
        Main Equation            : 3 pterms
        (
              !\SPI_EVE:BSPIM:state_2\ * !\SPI_EVE:BSPIM:state_1\ * 
              \SPI_EVE:BSPIM:state_0\
            + !\SPI_EVE:BSPIM:state_2\ * \SPI_EVE:BSPIM:state_1\ * 
              !\SPI_EVE:BSPIM:state_0\ * !\SPI_EVE:BSPIM:count_4\ * 
              !\SPI_EVE:BSPIM:count_3\ * !\SPI_EVE:BSPIM:count_2\ * 
              \SPI_EVE:BSPIM:count_1\ * !\SPI_EVE:BSPIM:count_0\ * 
              !\SPI_EVE:BSPIM:ld_ident\
            + !\SPI_EVE:BSPIM:state_2\ * \SPI_EVE:BSPIM:state_0\ * 
              !\SPI_EVE:BSPIM:count_4\ * !\SPI_EVE:BSPIM:count_3\ * 
              \SPI_EVE:BSPIM:count_2\ * !\SPI_EVE:BSPIM:count_1\ * 
              \SPI_EVE:BSPIM:count_0\ * !\SPI_EVE:BSPIM:tx_status_1\
        );
        Output = \SPI_EVE:BSPIM:state_2\ (fanout=12)
        Properties               : 
        {
        }

    [McSlotId=2]:     MacroCell: Name=\SPI_EVE:BSPIM:ld_ident\, Mode=(T-Register) @ [UDB=(0,1)][LB=1][MC=2]
        Total # of inputs        : 9
        Total # of product terms : 3
        List of special equations: 
            Clock  = (Net_5) => Global
            Clock Enable: True
        Main Equation            : 3 pterms
        (
              \SPI_EVE:BSPIM:state_2\ * !\SPI_EVE:BSPIM:state_1\ * 
              !\SPI_EVE:BSPIM:state_0\ * !\SPI_EVE:BSPIM:ld_ident\
            + \SPI_EVE:BSPIM:state_2\ * \SPI_EVE:BSPIM:state_1\ * 
              !\SPI_EVE:BSPIM:state_0\ * \SPI_EVE:BSPIM:ld_ident\
            + \SPI_EVE:BSPIM:state_1\ * !\SPI_EVE:BSPIM:state_0\ * 
              !\SPI_EVE:BSPIM:count_4\ * !\SPI_EVE:BSPIM:count_3\ * 
              !\SPI_EVE:BSPIM:count_2\ * \SPI_EVE:BSPIM:count_1\ * 
              !\SPI_EVE:BSPIM:count_0\ * \SPI_EVE:BSPIM:ld_ident\
        );
        Output = \SPI_EVE:BSPIM:ld_ident\ (fanout=4)
        Properties               : 
        {
        }

    [McSlotId=3]: (empty)
}

datapathcell: Name =\SPI_EVE:BSPIM:sR8:Dp:u0\
    PORT MAP (
        clock => Net_5 ,
        cs_addr_2 => \SPI_EVE:BSPIM:state_2\ ,
        cs_addr_1 => \SPI_EVE:BSPIM:state_1\ ,
        cs_addr_0 => \SPI_EVE:BSPIM:state_0\ ,
        route_si => Net_4 ,
        f1_load => \SPI_EVE:BSPIM:load_rx_data\ ,
        so_comb => \SPI_EVE:BSPIM:mosi_from_dp\ ,
        f0_bus_stat_comb => \SPI_EVE:BSPIM:tx_status_2\ ,
        f0_blk_stat_comb => \SPI_EVE:BSPIM:tx_status_1\ ,
        f1_bus_stat_comb => \SPI_EVE:BSPIM:rx_status_5\ ,
        f1_blk_stat_comb => \SPI_EVE:BSPIM:rx_status_4\ );
    Properties:
    {
        a0_init = "00000000"
        a1_init = "00000000"
        ce0_sync = 1
        ce1_sync = 1
        cl0_sync = 1
        cl1_sync = 1
        cmsb_sync = 1
        co_msb_sync = 1
        cy_dpconfig = "0000000000000000000000001100000000000001010000000001000100010000000000011100000000010001000000000000000101000000000000010100000011111111000000001111111111111111000000000010001000001000111100000000000000000100"
        d0_init = "00000000"
        d1_init = "00000000"
        f0_blk_sync = 1
        f0_bus_sync = 1
        f1_blk_sync = 1
        f1_bus_sync = 1
        ff0_sync = 1
        ff1_sync = 1
        ov_msb_sync = 1
        so_sync = 1
        z0_sync = 1
        z1_sync = 1
    }
    Clock Polarity: Active High
    Clock Enable: True

count7cell: Name =\SPI_EVE:BSPIM:BitCounter\
    PORT MAP (
        clock => Net_5 ,
        enable => \SPI_EVE:BSPIM:cnt_enable\ ,
        count_6 => \SPI_EVE:BSPIM:count_6\ ,
        count_5 => \SPI_EVE:BSPIM:count_5\ ,
        count_4 => \SPI_EVE:BSPIM:count_4\ ,
        count_3 => \SPI_EVE:BSPIM:count_3\ ,
        count_2 => \SPI_EVE:BSPIM:count_2\ ,
        count_1 => \SPI_EVE:BSPIM:count_1\ ,
        count_0 => \SPI_EVE:BSPIM:count_0\ ,
        tc => \SPI_EVE:BSPIM:cnt_tc\ );
    Properties:
    {
        cy_alt_mode = 0
        cy_init_value = "0000000"
        cy_period = "0001111"
        cy_route_en = 1
        cy_route_ld = 0
    }
    Clock Polarity: Active High
    Clock Enable: True

UDB [UDB=(0,2)] is empty.
UDB [UDB=(0,3)] is empty.
UDB [UDB=(0,4)] is empty.
UDB [UDB=(0,5)] is empty.
UDB [UDB=(1,0)] contents:
LAB@[UDB=(1,0)][LB=0] #macrocells=1, #inputs=4, #pterms=4
{
    [McSlotId=0]:     MacroCell: Name=\SPI_EVE:BSPIM:cnt_enable\, Mode=(T-Register) @ [UDB=(1,0)][LB=0][MC=0]
        Total # of inputs        : 4
        Total # of product terms : 4
        List of special equations: 
            Clock  = (Net_5) => Global
            Clock Enable: True
        Main Equation            : 4 pterms
        (
              !\SPI_EVE:BSPIM:state_2\ * !\SPI_EVE:BSPIM:state_1\ * 
              !\SPI_EVE:BSPIM:state_0\ * \SPI_EVE:BSPIM:cnt_enable\
            + !\SPI_EVE:BSPIM:state_2\ * \SPI_EVE:BSPIM:state_1\ * 
              \SPI_EVE:BSPIM:state_0\ * !\SPI_EVE:BSPIM:cnt_enable\
            + \SPI_EVE:BSPIM:state_2\ * !\SPI_EVE:BSPIM:state_1\ * 
              \SPI_EVE:BSPIM:state_0\ * \SPI_EVE:BSPIM:cnt_enable\
            + \SPI_EVE:BSPIM:state_2\ * \SPI_EVE:BSPIM:state_1\ * 
              !\SPI_EVE:BSPIM:state_0\ * \SPI_EVE:BSPIM:cnt_enable\
        );
        Output = \SPI_EVE:BSPIM:cnt_enable\ (fanout=3)
        Properties               : 
        {
        }

    [McSlotId=1]: (empty)
    [McSlotId=2]: (empty)
    [McSlotId=3]: (empty)
}

statusicell: Name =\SPI_EVE:BSPIM:TxStsReg\
    PORT MAP (
        clock => Net_5 ,
        status_4 => \SPI_EVE:BSPIM:tx_status_4\ ,
        status_3 => \SPI_EVE:BSPIM:load_rx_data\ ,
        status_2 => \SPI_EVE:BSPIM:tx_status_2\ ,
        status_1 => \SPI_EVE:BSPIM:tx_status_1\ ,
        status_0 => \SPI_EVE:BSPIM:tx_status_0\ );
    Properties:
    {
        cy_force_order = 1
        cy_int_mask = "0000000"
        cy_md_select = "0001001"
    }
    Clock Polarity: Active High
    Clock Enable: True

UDB [UDB=(1,1)] is empty.
UDB [UDB=(1,2)] is empty.
UDB [UDB=(1,3)] is empty.
UDB [UDB=(1,4)] is empty.
UDB [UDB=(1,5)] is empty.
UDB [UDB=(2,0)] is empty.
UDB [UDB=(2,1)] is empty.
UDB [UDB=(2,2)] is empty.
UDB [UDB=(2,3)] is empty.
UDB [UDB=(2,4)] is empty.
UDB [UDB=(2,5)] is empty.
UDB [UDB=(3,0)] is empty.
UDB [UDB=(3,1)] is empty.
UDB [UDB=(3,2)] is empty.
UDB [UDB=(3,3)] is empty.
UDB [UDB=(3,4)] is empty.
UDB [UDB=(3,5)] is empty.
Intr container @ [IntrContainer=(0)]: empty
Drq container @ [DrqContainer=(0)]: empty
Port 0 contains the following IO cells:
Port 1 contains the following IO cells:
Port 2 contains the following IO cells:
Port 3 contains the following IO cells:
Port 4 contains the following IO cells:
Port 5 contains the following IO cells:
[IoId=1]: 
Pin : Name = nPD_EVE(0)
    Attributes:
        In Group/Port: True
        In Sync Option: AUTO
        Out Sync Option: NOSYNC
        Interrupt generated: False
        Interrupt mode: NONE
        Drive mode: CMOS_OUT
        VTrip: EITHER
        Slew: FAST
        Input Sync needed: False
        Output Sync needed: False
        SC shield enabled: False
        POR State: ANY
        LCD Mode: COMMON
        Register Mode: RegComb
        CaSense Mode: NEITHER
        Treat as pin: True
        Is OE Registered: False
        Uses Analog: False
        Can contain Digital: True
        Is SIO: False
        SIO Output Buf: NONREGULATED
        SIO Input Buf: SINGLE_ENDED
        SIO HiFreq: LOW
        SIO Hyst: DISABLED
        SIO Vtrip: MULTIPLIER_0_5
        SIO Multiplier Index: 0
        SIO RefSel: VCC_IO
        Required Capabilities: DIGITAL
        Initial Value: 0
        IO Voltage: 0
    PORT MAP (
        pa_out => nPD_EVE(0)__PA ,
        pad => nPD_EVE(0)_PAD );
    Properties:
    {
    }

[IoId=2]: 
Pin : Name = MOSI_EVE(0)
    Attributes:
        In Group/Port: True
        In Sync Option: AUTO
        Out Sync Option: NOSYNC
        Interrupt generated: False
        Interrupt mode: NONE
        Drive mode: CMOS_OUT
        VTrip: EITHER
        Slew: FAST
        Input Sync needed: False
        Output Sync needed: False
        SC shield enabled: False
        POR State: ANY
        LCD Mode: COMMON
        Register Mode: RegComb
        CaSense Mode: NEITHER
        Treat as pin: True
        Is OE Registered: False
        Uses Analog: False
        Can contain Digital: True
        Is SIO: False
        SIO Output Buf: NONREGULATED
        SIO Input Buf: SINGLE_ENDED
        SIO HiFreq: LOW
        SIO Hyst: DISABLED
        SIO Vtrip: MULTIPLIER_0_5
        SIO Multiplier Index: 0
        SIO RefSel: VCC_IO
        Required Capabilities: DIGITAL, ROUTABLE
        Initial Value: 0
        IO Voltage: 0
    PORT MAP (
        pa_out => MOSI_EVE(0)__PA ,
        pin_input => Net_11 ,
        pad => MOSI_EVE(0)_PAD );
    Properties:
    {
    }

[IoId=3]: 
Pin : Name = SS_EVE(0)
    Attributes:
        In Group/Port: True
        In Sync Option: AUTO
        Out Sync Option: NOSYNC
        Interrupt generated: False
        Interrupt mode: NONE
        Drive mode: CMOS_OUT
        VTrip: EITHER
        Slew: FAST
        Input Sync needed: False
        Output Sync needed: False
        SC shield enabled: False
        POR State: ANY
        LCD Mode: COMMON
        Register Mode: RegComb
        CaSense Mode: NEITHER
        Treat as pin: True
        Is OE Registered: False
        Uses Analog: False
        Can contain Digital: True
        Is SIO: False
        SIO Output Buf: NONREGULATED
        SIO Input Buf: SINGLE_ENDED
        SIO HiFreq: LOW
        SIO Hyst: DISABLED
        SIO Vtrip: MULTIPLIER_0_5
        SIO Multiplier Index: 0
        SIO RefSel: VCC_IO
        Required Capabilities: DIGITAL
        Initial Value: 0
        IO Voltage: 0
    PORT MAP (
        pa_out => SS_EVE(0)__PA ,
        pad => SS_EVE(0)_PAD );
    Properties:
    {
    }

[IoId=4]: 
Pin : Name = SCLK_EVE(0)
    Attributes:
        In Group/Port: True
        In Sync Option: AUTO
        Out Sync Option: NOSYNC
        Interrupt generated: False
        Interrupt mode: NONE
        Drive mode: CMOS_OUT
        VTrip: EITHER
        Slew: FAST
        Input Sync needed: False
        Output Sync needed: False
        SC shield enabled: False
        POR State: ANY
        LCD Mode: COMMON
        Register Mode: RegComb
        CaSense Mode: NEITHER
        Treat as pin: True
        Is OE Registered: False
        Uses Analog: False
        Can contain Digital: True
        Is SIO: False
        SIO Output Buf: NONREGULATED
        SIO Input Buf: SINGLE_ENDED
        SIO HiFreq: LOW
        SIO Hyst: DISABLED
        SIO Vtrip: MULTIPLIER_0_5
        SIO Multiplier Index: 0
        SIO RefSel: VCC_IO
        Required Capabilities: DIGITAL, ROUTABLE
        Initial Value: 0
        IO Voltage: 0
    PORT MAP (
        pa_out => SCLK_EVE(0)__PA ,
        pin_input => Net_12 ,
        pad => SCLK_EVE(0)_PAD );
    Properties:
    {
    }

[IoId=5]: 
Pin : Name = MISO_EVE(0)
    Attributes:
        In Group/Port: True
        In Sync Option: NOSYNC
        Out Sync Option: AUTO
        Interrupt generated: False
        Interrupt mode: NONE
        Drive mode: HI_Z_DIGITAL
        VTrip: CMOS
        Slew: FAST
        Input Sync needed: False
        Output Sync needed: False
        SC shield enabled: False
        POR State: ANY
        LCD Mode: COMMON
        Register Mode: RegComb
        CaSense Mode: NEITHER
        Treat as pin: True
        Is OE Registered: False
        Uses Analog: False
        Can contain Digital: True
        Is SIO: False
        SIO Output Buf: NONREGULATED
        SIO Input Buf: SINGLE_ENDED
        SIO HiFreq: LOW
        SIO Hyst: DISABLED
        SIO Vtrip: MULTIPLIER_0_5
        SIO Multiplier Index: 0
        SIO RefSel: VCC_IO
        Required Capabilities: DIGITAL, ROUTABLE
        Initial Value: 0
        IO Voltage: 0
    PORT MAP (
        pa_out => MISO_EVE(0)__PA ,
        fb => Net_4 ,
        pad => MISO_EVE(0)_PAD );
    Properties:
    {
    }

Port 6 contains the following IO cells:
Port 12 contains the following IO cells:
Port 15 contains the following IO cells:
ARM group 0: empty
CAN group 0: empty
Cache group 0: empty
CapSense group 0: empty
Clock group 0: 
    Clock Block @ F(Clock,0): 
    clockblockcell: Name =ClockBlock
        PORT MAP (
            imo => ClockBlock_IMO ,
            pllout => ClockBlock_PLL_OUT ,
            ilo => ClockBlock_ILO ,
            clk_100k => ClockBlock_100k ,
            clk_1k => ClockBlock_1k ,
            clk_32k => ClockBlock_32k ,
            xtal => ClockBlock_XTAL ,
            clk_32k_xtal => ClockBlock_XTAL_32KHZ ,
            clk_sync => ClockBlock_MASTER_CLK ,
            clk_bus_glb => ClockBlock_BUS_CLK ,
            clk_bus => ClockBlock_BUS_CLK_local ,
            dclk_glb_0 => Net_5 ,
            dclk_0 => Net_5_local );
        Properties:
        {
        }
Comparator group 0: empty
DFB group 0: empty
DSM group 0: empty
Decimator group 0: empty
EMIF group 0: empty
I2C group 0: empty
LCD group 0: empty
LVD group 0: empty
PICU group 0: empty
PM group 0: empty
SC group 0: empty
SPC group 0: empty
Timer group 0: empty
USB group 0: empty
VIDAC group 0: empty
OpAmp group 0: empty
CsAbuf group 0: empty
Vref group 0: empty
LPF group 0: empty
SAR group 0: empty
ANAIF group 0: empty
PHUB group 0: empty
</CYPRESSTAG>
<CYPRESSTAG name="Port Configuration Details">

------------------------------------------------------------
Port Configuration report
------------------------------------------------------------
     |     |       | Interrupt |                  |             | 
Port | Pin | Fixed |      Type |       Drive Mode |        Name | Connections
-----+-----+-------+-----------+------------------+-------------+------------
   5 |   1 |     * |      NONE |         CMOS_OUT |  nPD_EVE(0) | 
     |   2 |     * |      NONE |         CMOS_OUT | MOSI_EVE(0) | In(Net_11)
     |   3 |     * |      NONE |         CMOS_OUT |   SS_EVE(0) | 
     |   4 |     * |      NONE |         CMOS_OUT | SCLK_EVE(0) | In(Net_12)
     |   5 |     * |      NONE |     HI_Z_DIGITAL | MISO_EVE(0) | FB(Net_4)
-----------------------------------------------------------------------------
</CYPRESSTAG>
</CYPRESSTAG>
</CYPRESSTAG>
Digital component placer commit/Report: Elapsed time ==> 0s.109ms
Digital Placement phase: Elapsed time ==> 1s.234ms
</CYPRESSTAG>
<CYPRESSTAG name="Digital Routing">
"C:\Program Files (x86)\Cypress\PSoC Creator\4.2\PSoC Creator\bin/sjrouter.exe" --xml-path "C:\Program Files (x86)\Cypress\PSoC Creator\4.2\PSoC Creator\dev\psoc5/psoc5lp/route_arch-rrg.cydata" --vh2-path "EVE_r.vh2" --pcf-path "EVE.pco" --des-name "EVE" --dsf-path "EVE.dsf" --sdc-path "EVE.sdc" --lib-path "EVE_r.lib"
Routing successful.
Digital Routing phase: Elapsed time ==> 1s.249ms
</CYPRESSTAG>
<CYPRESSTAG name="Bitstream Generation">
Bitstream Generation phase: Elapsed time ==> 0s.156ms
</CYPRESSTAG>
<CYPRESSTAG name="Bitstream Verification">
Bitstream Verification phase: Elapsed time ==> 0s.015ms
</CYPRESSTAG>
<CYPRESSTAG name="Static timing analysis">
Timing report is in EVE_timing.html.
Static timing analysis phase: Elapsed time ==> 0s.281ms
</CYPRESSTAG>
<CYPRESSTAG name="Data reporting">
Data reporting phase: Elapsed time ==> 0s.000ms
</CYPRESSTAG>
<CYPRESSTAG name="Database update...">
Design database save phase: Elapsed time ==> 0s.140ms
</CYPRESSTAG>
cydsfit: Elapsed time ==> 3s.687ms
</CYPRESSTAG>
Fitter phase: Elapsed time ==> 3s.687ms
API generation phase: Elapsed time ==> 0s.718ms
Dependency generation phase: Elapsed time ==> 0s.015ms
Cleanup phase: Elapsed time ==> 0s.000ms
